{"ip":"::ffff:127.0.0.1","level":"info","message":"request","method":"GET","ms":14,"path":"/api/csrf","status":401,"timestamp":"2026-01-23T05:12:12.582Z","userEmail":null,"userId":null}
{"ip":"::ffff:127.0.0.1","level":"info","message":"request","method":"POST","ms":604,"path":"/api/auth/login","status":200,"timestamp":"2026-01-23T05:12:13.218Z","userEmail":"admin@example.com","userId":"e5b26fbf-bab9-4951-8ac1-dbbf2772001f"}
{"ip":"::ffff:127.0.0.1","level":"info","message":"request","method":"GET","ms":30,"path":"/api/csrf","status":200,"timestamp":"2026-01-23T05:12:13.271Z","userEmail":"admin@example.com","userId":"e5b26fbf-bab9-4951-8ac1-dbbf2772001f"}
{"ip":"::ffff:127.0.0.1","level":"info","message":"request","method":"POST","ms":17,"path":"/api/announcements","status":403,"timestamp":"2026-01-23T05:12:13.297Z","userEmail":"admin@example.com","userId":"e5b26fbf-bab9-4951-8ac1-dbbf2772001f"}
{"ip":"::ffff:127.0.0.1","level":"info","message":"request","method":"POST","ms":16,"path":"/api/announcements","status":200,"timestamp":"2026-01-23T05:12:13.318Z","userEmail":"admin@example.com","userId":"e5b26fbf-bab9-4951-8ac1-dbbf2772001f"}
{"actor":"support-emailer@test","level":"info","message":"support_email_disabled","subject":"Test","timestamp":"2026-01-23T05:12:13.329Z"}
{"ip":"::ffff:127.0.0.1","level":"info","message":"request","method":"POST","ms":7,"path":"/api/support/message","status":200,"timestamp":"2026-01-23T05:12:13.333Z","userEmail":null,"userId":null}
{"enforceHttps":false,"host":null,"level":"info","message":"server_started","port":8788,"timestamp":"2026-01-23T05:12:32.666Z","trustProxy":false}
{"ip":"::1","level":"info","message":"request","method":"GET","ms":138,"path":"/admin/","status":200,"timestamp":"2026-01-23T05:13:01.027Z","userEmail":"hligon@getsparqd.com","userId":"5b10576b-4201-4eab-87c0-11adc3cbccd0"}
{"ip":"::1","level":"info","message":"request","method":"GET","ms":192,"path":"/admin/admin.css?v=20260123","status":200,"timestamp":"2026-01-23T05:13:01.316Z","userEmail":"hligon@getsparqd.com","userId":"5b10576b-4201-4eab-87c0-11adc3cbccd0"}
{"ip":"::1","level":"info","message":"request","method":"GET","ms":221,"path":"/Icons/favicon.png","status":200,"timestamp":"2026-01-23T05:13:01.357Z","userEmail":"hligon@getsparqd.com","userId":"5b10576b-4201-4eab-87c0-11adc3cbccd0"}
{"ip":"::1","level":"info","message":"request","method":"GET","ms":233,"path":"/admin/admin.js?v=20260123","status":200,"timestamp":"2026-01-23T05:13:01.392Z","userEmail":"hligon@getsparqd.com","userId":"5b10576b-4201-4eab-87c0-11adc3cbccd0"}
{"ip":"::1","level":"info","message":"request","method":"GET","ms":115,"path":"/favicon.ico","status":404,"timestamp":"2026-01-23T05:13:01.876Z","userEmail":"hligon@getsparqd.com","userId":"5b10576b-4201-4eab-87c0-11adc3cbccd0"}
{"ip":"::1","level":"info","message":"request","method":"GET","ms":826,"path":"/api/gallery/r2tree?prefix=gallery%2F&limit=1000","status":200,"timestamp":"2026-01-23T05:13:02.261Z","userEmail":"hligon@getsparqd.com","userId":"5b10576b-4201-4eab-87c0-11adc3cbccd0"}
{"ip":"::1","level":"info","message":"request","method":"GET","ms":55,"path":"/","status":200,"timestamp":"2026-01-23T05:13:06.476Z","userEmail":"hligon@getsparqd.com","userId":"5b10576b-4201-4eab-87c0-11adc3cbccd0"}
{"ip":"::1","level":"info","message":"request","method":"GET","ms":296,"path":"/style.css","status":200,"timestamp":"2026-01-23T05:13:06.902Z","userEmail":"hligon@getsparqd.com","userId":"5b10576b-4201-4eab-87c0-11adc3cbccd0"}
{"ip":"::1","level":"info","message":"request","method":"GET","ms":403,"path":"/schedule_app.css","status":200,"timestamp":"2026-01-23T05:13:07.014Z","userEmail":"hligon@getsparqd.com","userId":"5b10576b-4201-4eab-87c0-11adc3cbccd0"}
{"ip":"::1","level":"info","message":"request","method":"GET","ms":465,"path":"/ConImg/MtMoriahLogo-1.png","status":200,"timestamp":"2026-01-23T05:13:07.116Z","userEmail":"hligon@getsparqd.com","userId":"5b10576b-4201-4eab-87c0-11adc3cbccd0"}
{"ip":"::1","level":"info","message":"request","method":"GET","ms":419,"path":"/script.js","status":200,"timestamp":"2026-01-23T05:13:07.155Z","userEmail":"hligon@getsparqd.com","userId":"5b10576b-4201-4eab-87c0-11adc3cbccd0"}
{"ip":"::1","level":"info","message":"request","method":"GET","ms":444,"path":"/ConImg/Mt-Moriah-5.png","status":200,"timestamp":"2026-01-23T05:13:07.181Z","userEmail":"hligon@getsparqd.com","userId":"5b10576b-4201-4eab-87c0-11adc3cbccd0"}
{"ip":"::1","level":"info","message":"request","method":"GET","ms":281,"path":"/announcements_ticker.js","status":200,"timestamp":"2026-01-23T05:13:07.208Z","userEmail":"hligon@getsparqd.com","userId":"5b10576b-4201-4eab-87c0-11adc3cbccd0"}
{"ip":"::1","level":"info","message":"request","method":"GET","ms":614,"path":"/ConImg/SteveHarvey1.png","status":200,"timestamp":"2026-01-23T05:13:07.267Z","userEmail":"hligon@getsparqd.com","userId":"5b10576b-4201-4eab-87c0-11adc3cbccd0"}
{"ip":"::1","level":"info","message":"request","method":"GET","ms":303,"path":"/bulletins_widget.js","status":200,"timestamp":"2026-01-23T05:13:07.297Z","userEmail":"hligon@getsparqd.com","userId":"5b10576b-4201-4eab-87c0-11adc3cbccd0"}
{"ip":"::1","level":"info","message":"request","method":"GET","ms":308,"path":"/ConImg/Church.jpg","status":200,"timestamp":"2026-01-23T05:13:07.334Z","userEmail":"hligon@getsparqd.com","userId":"5b10576b-4201-4eab-87c0-11adc3cbccd0"}
{"ip":"::1","level":"info","message":"request","method":"GET","ms":427,"path":"/ConImg/Mt-Moriah-1.png","status":200,"timestamp":"2026-01-23T05:13:07.353Z","userEmail":"hligon@getsparqd.com","userId":"5b10576b-4201-4eab-87c0-11adc3cbccd0"}
{"ip":"::1","level":"info","message":"request","method":"GET","ms":285,"path":"/schedule_app.js","status":200,"timestamp":"2026-01-23T05:13:07.373Z","userEmail":"hligon@getsparqd.com","userId":"5b10576b-4201-4eab-87c0-11adc3cbccd0"}
{"ip":"::1","level":"info","message":"request","method":"GET","ms":416,"path":"/Icons/home.png","status":200,"timestamp":"2026-01-23T05:13:07.519Z","userEmail":"hligon@getsparqd.com","userId":"5b10576b-4201-4eab-87c0-11adc3cbccd0"}
{"ip":"::1","level":"info","message":"request","method":"GET","ms":722,"path":"/ConImg/Mt-Moriah-4.png","status":200,"timestamp":"2026-01-23T05:13:07.590Z","userEmail":"hligon@getsparqd.com","userId":"5b10576b-4201-4eab-87c0-11adc3cbccd0"}
{"ip":"::1","level":"info","message":"request","method":"GET","ms":487,"path":"/Icons/ministries.png","status":200,"timestamp":"2026-01-23T05:13:07.626Z","userEmail":"hligon@getsparqd.com","userId":"5b10576b-4201-4eab-87c0-11adc3cbccd0"}
{"ip":"::1","level":"info","message":"request","method":"GET","ms":509,"path":"/Icons/leadership.png","status":200,"timestamp":"2026-01-23T05:13:07.668Z","userEmail":"hligon@getsparqd.com","userId":"5b10576b-4201-4eab-87c0-11adc3cbccd0"}
{"ip":"::1","level":"info","message":"request","method":"GET","ms":573,"path":"/Icons/churchhistory.png","status":200,"timestamp":"2026-01-23T05:13:07.743Z","userEmail":"hligon@getsparqd.com","userId":"5b10576b-4201-4eab-87c0-11adc3cbccd0"}
{"ip":"::1","level":"info","message":"request","method":"GET","ms":574,"path":"/Icons/facilityrental.png","status":200,"timestamp":"2026-01-23T05:13:07.792Z","userEmail":"hligon@getsparqd.com","userId":"5b10576b-4201-4eab-87c0-11adc3cbccd0"}
{"ip":"::1","level":"info","message":"request","method":"GET","ms":578,"path":"/Icons/contactus.png","status":200,"timestamp":"2026-01-23T05:13:07.821Z","userEmail":"hligon@getsparqd.com","userId":"5b10576b-4201-4eab-87c0-11adc3cbccd0"}
{"ip":"::1","level":"info","message":"request","method":"GET","ms":535,"path":"/Icons/address.png","status":200,"timestamp":"2026-01-23T05:13:07.840Z","userEmail":"hligon@getsparqd.com","userId":"5b10576b-4201-4eab-87c0-11adc3cbccd0"}
{"ip":"::1","level":"info","message":"request","method":"GET","ms":580,"path":"/Icons/phone.png","status":200,"timestamp":"2026-01-23T05:13:07.905Z","userEmail":"hligon@getsparqd.com","userId":"5b10576b-4201-4eab-87c0-11adc3cbccd0"}
{"ip":"::1","level":"info","message":"request","method":"GET","ms":569,"path":"/Icons/mailus.png","status":200,"timestamp":"2026-01-23T05:13:07.926Z","userEmail":"hligon@getsparqd.com","userId":"5b10576b-4201-4eab-87c0-11adc3cbccd0"}
{"ip":"::1","level":"info","message":"request","method":"GET","ms":570,"path":"/Icons/facebook.png","status":200,"timestamp":"2026-01-23T05:13:07.956Z","userEmail":"hligon@getsparqd.com","userId":"5b10576b-4201-4eab-87c0-11adc3cbccd0"}
{"ip":"::1","level":"info","message":"request","method":"GET","ms":549,"path":"/site-settings.json","status":200,"timestamp":"2026-01-23T05:13:07.976Z","userEmail":"hligon@getsparqd.com","userId":"5b10576b-4201-4eab-87c0-11adc3cbccd0"}
{"ip":"::1","level":"info","message":"request","method":"GET","ms":468,"path":"/announcements.json","status":200,"timestamp":"2026-01-23T05:13:07.993Z","userEmail":"hligon@getsparqd.com","userId":"5b10576b-4201-4eab-87c0-11adc3cbccd0"}
{"ip":"::1","level":"info","message":"request","method":"GET","ms":428,"path":"/bulletins.json","status":200,"timestamp":"2026-01-23T05:13:08.021Z","userEmail":"hligon@getsparqd.com","userId":"5b10576b-4201-4eab-87c0-11adc3cbccd0"}
{"ip":"::1","level":"info","message":"request","method":"GET","ms":505,"path":"/schedule.json","status":200,"timestamp":"2026-01-23T05:13:08.150Z","userEmail":"hligon@getsparqd.com","userId":"5b10576b-4201-4eab-87c0-11adc3cbccd0"}
{"ip":"::1","level":"info","message":"request","method":"GET","ms":604,"path":"/Icons/youtube.png","status":200,"timestamp":"2026-01-23T05:13:08.291Z","userEmail":"hligon@getsparqd.com","userId":"5b10576b-4201-4eab-87c0-11adc3cbccd0"}
{"ip":"::1","level":"info","message":"request","method":"GET","ms":496,"path":"/Icons/favicon.png","status":304,"timestamp":"2026-01-23T05:13:08.352Z","userEmail":"hligon@getsparqd.com","userId":"5b10576b-4201-4eab-87c0-11adc3cbccd0"}
{"ip":"::1","level":"info","message":"request","method":"GET","ms":237,"path":"/Pages/photo_gallery.html","status":200,"timestamp":"2026-01-23T05:13:08.419Z","userEmail":"hligon@getsparqd.com","userId":"5b10576b-4201-4eab-87c0-11adc3cbccd0"}
{"ip":"::1","level":"info","message":"request","method":"GET","ms":334,"path":"/style.css?v=20260122","status":200,"timestamp":"2026-01-23T05:13:08.860Z","userEmail":"hligon@getsparqd.com","userId":"5b10576b-4201-4eab-87c0-11adc3cbccd0"}
{"ip":"::1","level":"info","message":"request","method":"GET","ms":452,"path":"/schedule_app.css","status":304,"timestamp":"2026-01-23T05:13:09.002Z","userEmail":"hligon@getsparqd.com","userId":"5b10576b-4201-4eab-87c0-11adc3cbccd0"}
{"ip":"::1","level":"info","message":"request","method":"GET","ms":664,"path":"/ConImg/MtMoriahLogo-1.png","status":304,"timestamp":"2026-01-23T05:13:09.216Z","userEmail":"hligon@getsparqd.com","userId":"5b10576b-4201-4eab-87c0-11adc3cbccd0"}
{"ip":"::1","level":"info","message":"request","method":"GET","ms":914,"path":"/Icons/home.png","status":304,"timestamp":"2026-01-23T05:13:09.466Z","userEmail":"hligon@getsparqd.com","userId":"5b10576b-4201-4eab-87c0-11adc3cbccd0"}
{"ip":"::1","level":"info","message":"request","method":"GET","ms":1017,"path":"/Icons/ministries.png","status":304,"timestamp":"2026-01-23T05:13:09.570Z","userEmail":"hligon@getsparqd.com","userId":"5b10576b-4201-4eab-87c0-11adc3cbccd0"}
{"ip":"::1","level":"info","message":"request","method":"GET","ms":1134,"path":"/script.js?v=20260122","status":200,"timestamp":"2026-01-23T05:13:09.685Z","userEmail":"hligon@getsparqd.com","userId":"5b10576b-4201-4eab-87c0-11adc3cbccd0"}
{"ip":"::1","level":"info","message":"request","method":"GET","ms":854,"path":"/Icons/leadership.png","status":304,"timestamp":"2026-01-23T05:13:09.781Z","userEmail":"hligon@getsparqd.com","userId":"5b10576b-4201-4eab-87c0-11adc3cbccd0"}
{"ip":"::1","level":"info","message":"request","method":"GET","ms":769,"path":"/Pages/photo_gallery.js","status":200,"timestamp":"2026-01-23T05:13:09.839Z","userEmail":"hligon@getsparqd.com","userId":"5b10576b-4201-4eab-87c0-11adc3cbccd0"}
{"ip":"::1","level":"info","message":"request","method":"GET","ms":640,"path":"/Icons/facilityrental.png","status":304,"timestamp":"2026-01-23T05:13:09.890Z","userEmail":"hligon@getsparqd.com","userId":"5b10576b-4201-4eab-87c0-11adc3cbccd0"}
{"ip":"::1","level":"info","message":"request","method":"GET","ms":435,"path":"/Icons/facebook.png","status":304,"timestamp":"2026-01-23T05:13:09.927Z","userEmail":"hligon@getsparqd.com","userId":"5b10576b-4201-4eab-87c0-11adc3cbccd0"}
{"ip":"::1","level":"info","message":"request","method":"GET","ms":360,"path":"/Icons/mailus.png","status":304,"timestamp":"2026-01-23T05:13:09.943Z","userEmail":"hligon@getsparqd.com","userId":"5b10576b-4201-4eab-87c0-11adc3cbccd0"}
{"ip":"::1","level":"info","message":"request","method":"GET","ms":254,"path":"/ConImg/Church.jpg","status":304,"timestamp":"2026-01-23T05:13:09.961Z","userEmail":"hligon@getsparqd.com","userId":"5b10576b-4201-4eab-87c0-11adc3cbccd0"}
{"ip":"::1","level":"info","message":"request","method":"GET","ms":201,"path":"/Icons/youtube.png","status":304,"timestamp":"2026-01-23T05:13:09.991Z","userEmail":"hligon@getsparqd.com","userId":"5b10576b-4201-4eab-87c0-11adc3cbccd0"}
{"ip":"::1","level":"info","message":"request","method":"GET","ms":174,"path":"/Icons/contactus.png","status":304,"timestamp":"2026-01-23T05:13:10.018Z","userEmail":"hligon@getsparqd.com","userId":"5b10576b-4201-4eab-87c0-11adc3cbccd0"}
{"ip":"::1","level":"info","message":"request","method":"GET","ms":132,"path":"/Icons/address.png","status":304,"timestamp":"2026-01-23T05:13:10.042Z","userEmail":"hligon@getsparqd.com","userId":"5b10576b-4201-4eab-87c0-11adc3cbccd0"}
{"ip":"::1","level":"info","message":"request","method":"GET","ms":140,"path":"/Icons/phone.png","status":304,"timestamp":"2026-01-23T05:13:10.071Z","userEmail":"hligon@getsparqd.com","userId":"5b10576b-4201-4eab-87c0-11adc3cbccd0"}
{"ip":"::1","level":"info","message":"request","method":"GET","ms":144,"path":"/Icons/churchhistory.png","status":304,"timestamp":"2026-01-23T05:13:10.092Z","userEmail":"hligon@getsparqd.com","userId":"5b10576b-4201-4eab-87c0-11adc3cbccd0"}
{"ip":"::1","level":"info","message":"request","method":"GET","ms":166,"path":"/public/gallery.json","status":404,"timestamp":"2026-01-23T05:13:10.136Z","userEmail":"hligon@getsparqd.com","userId":"5b10576b-4201-4eab-87c0-11adc3cbccd0"}
{"ip":"::1","level":"info","message":"request","method":"GET","ms":159,"path":"/Pages/site-settings.json","status":404,"timestamp":"2026-01-23T05:13:10.153Z","userEmail":"hligon@getsparqd.com","userId":"5b10576b-4201-4eab-87c0-11adc3cbccd0"}
{"ip":"::1","level":"info","message":"request","method":"GET","ms":148,"path":"/gallery.json","status":200,"timestamp":"2026-01-23T05:13:10.170Z","userEmail":"hligon@getsparqd.com","userId":"5b10576b-4201-4eab-87c0-11adc3cbccd0"}
{"ip":"::1","level":"info","message":"request","method":"GET","ms":152,"path":"/site-settings.json","status":200,"timestamp":"2026-01-23T05:13:10.186Z","userEmail":"hligon@getsparqd.com","userId":"5b10576b-4201-4eab-87c0-11adc3cbccd0"}
{"ip":"::1","level":"info","message":"request","method":"POST","ms":50,"path":"/api/auth/login","status":401,"timestamp":"2026-01-23T05:13:20.525Z","userEmail":"hligon@getsparqd.com","userId":"5b10576b-4201-4eab-87c0-11adc3cbccd0"}
{"ip":"::1","level":"info","message":"request","method":"POST","ms":450,"path":"/api/auth/login","status":200,"timestamp":"2026-01-23T05:13:30.320Z","userEmail":"hligon@getsparqd.com","userId":"5b10576b-4201-4eab-87c0-11adc3cbccd0"}
{"ip":"::1","level":"info","message":"request","method":"GET","ms":25,"path":"/api/csrf","status":200,"timestamp":"2026-01-23T05:13:30.349Z","userEmail":"hligon@getsparqd.com","userId":"5b10576b-4201-4eab-87c0-11adc3cbccd0"}
{"ip":"::1","level":"info","message":"request","method":"GET","ms":16,"path":"/api/me","status":200,"timestamp":"2026-01-23T05:13:30.367Z","userEmail":"hligon@getsparqd.com","userId":"5b10576b-4201-4eab-87c0-11adc3cbccd0"}
{"ip":"::1","level":"info","message":"request","method":"GET","ms":19,"path":"/api/csrf","status":200,"timestamp":"2026-01-23T05:13:30.389Z","userEmail":"hligon@getsparqd.com","userId":"5b10576b-4201-4eab-87c0-11adc3cbccd0"}
{"ip":"::1","level":"info","message":"request","method":"GET","ms":60,"path":"/api/announcements","status":200,"timestamp":"2026-01-23T05:13:30.491Z","userEmail":"hligon@getsparqd.com","userId":"5b10576b-4201-4eab-87c0-11adc3cbccd0"}
{"ip":"::1","level":"info","message":"request","method":"GET","ms":70,"path":"/api/bulletins","status":200,"timestamp":"2026-01-23T05:13:30.505Z","userEmail":"hligon@getsparqd.com","userId":"5b10576b-4201-4eab-87c0-11adc3cbccd0"}
{"ip":"::1","level":"info","message":"request","method":"GET","ms":86,"path":"/api/events","status":200,"timestamp":"2026-01-23T05:13:30.519Z","userEmail":"hligon@getsparqd.com","userId":"5b10576b-4201-4eab-87c0-11adc3cbccd0"}
{"ip":"::1","level":"info","message":"request","method":"GET","ms":94,"path":"/api/finances","status":200,"timestamp":"2026-01-23T05:13:30.535Z","userEmail":"hligon@getsparqd.com","userId":"5b10576b-4201-4eab-87c0-11adc3cbccd0"}
{"ip":"::1","level":"info","message":"request","method":"GET","ms":550,"path":"/api/gallery","status":200,"timestamp":"2026-01-23T05:13:30.974Z","userEmail":"hligon@getsparqd.com","userId":"5b10576b-4201-4eab-87c0-11adc3cbccd0"}
{"ip":"::1","level":"info","message":"request","method":"GET","ms":366,"path":"/api/gallery/r2tree?prefix=gallery%2F&limit=1000","status":200,"timestamp":"2026-01-23T05:13:31.433Z","userEmail":"hligon@getsparqd.com","userId":"5b10576b-4201-4eab-87c0-11adc3cbccd0"}
{"ip":"::1","level":"info","message":"request","method":"POST","ms":3447,"path":"/api/support/message","status":200,"timestamp":"2026-01-23T05:13:57.888Z","userEmail":"hligon@getsparqd.com","userId":"5b10576b-4201-4eab-87c0-11adc3cbccd0"}
{"ip":"::1","level":"info","message":"request","method":"POST","ms":1995,"path":"/api/support/message","status":200,"timestamp":"2026-01-23T05:16:55.332Z","userEmail":"hligon@getsparqd.com","userId":"5b10576b-4201-4eab-87c0-11adc3cbccd0"}
{"ip":"::1","level":"info","message":"request","method":"GET","ms":45,"path":"/admin/admin.css?v=20260123","status":200,"timestamp":"2026-01-23T05:17:06.336Z","userEmail":"hligon@getsparqd.com","userId":"5b10576b-4201-4eab-87c0-11adc3cbccd0"}
{"ip":"::1","level":"info","message":"request","method":"GET","ms":53,"path":"/.well-known/appspecific/com.chrome.devtools.json","status":404,"timestamp":"2026-01-23T05:17:06.391Z","userEmail":"hligon@getsparqd.com","userId":"5b10576b-4201-4eab-87c0-11adc3cbccd0"}
{"ip":"::1","level":"info","message":"request","method":"GET","ms":25,"path":"/Pages/photo_gallery.html","status":304,"timestamp":"2026-01-23T05:17:31.475Z","userEmail":"hligon@getsparqd.com","userId":"5b10576b-4201-4eab-87c0-11adc3cbccd0"}
{"ip":"::1","level":"info","message":"request","method":"GET","ms":119,"path":"/style.css?v=20260122","status":304,"timestamp":"2026-01-23T05:17:31.633Z","userEmail":"hligon@getsparqd.com","userId":"5b10576b-4201-4eab-87c0-11adc3cbccd0"}
{"ip":"::1","level":"info","message":"request","method":"GET","ms":136,"path":"/schedule_app.css","status":304,"timestamp":"2026-01-23T05:17:31.651Z","userEmail":"hligon@getsparqd.com","userId":"5b10576b-4201-4eab-87c0-11adc3cbccd0"}
{"ip":"::1","level":"info","message":"request","method":"GET","ms":100,"path":"/ConImg/MtMoriahLogo-1.png","status":304,"timestamp":"2026-01-23T05:17:31.691Z","userEmail":"hligon@getsparqd.com","userId":"5b10576b-4201-4eab-87c0-11adc3cbccd0"}
{"ip":"::1","level":"info","message":"request","method":"GET","ms":126,"path":"/Icons/home.png","status":304,"timestamp":"2026-01-23T05:17:31.719Z","userEmail":"hligon@getsparqd.com","userId":"5b10576b-4201-4eab-87c0-11adc3cbccd0"}
{"ip":"::1","level":"info","message":"request","method":"GET","ms":143,"path":"/script.js?v=20260122","status":304,"timestamp":"2026-01-23T05:17:31.743Z","userEmail":"hligon@getsparqd.com","userId":"5b10576b-4201-4eab-87c0-11adc3cbccd0"}
{"ip":"::1","level":"info","message":"request","method":"GET","ms":167,"path":"/Icons/ministries.png","status":304,"timestamp":"2026-01-23T05:17:31.768Z","userEmail":"hligon@getsparqd.com","userId":"5b10576b-4201-4eab-87c0-11adc3cbccd0"}
{"ip":"::1","level":"info","message":"request","method":"GET","ms":151,"path":"/Icons/leadership.png","status":304,"timestamp":"2026-01-23T05:17:31.786Z","userEmail":"hligon@getsparqd.com","userId":"5b10576b-4201-4eab-87c0-11adc3cbccd0"}
{"ip":"::1","level":"info","message":"request","method":"GET","ms":152,"path":"/Pages/photo_gallery.js","status":304,"timestamp":"2026-01-23T05:17:31.806Z","userEmail":"hligon@getsparqd.com","userId":"5b10576b-4201-4eab-87c0-11adc3cbccd0"}
{"ip":"::1","level":"info","message":"request","method":"GET","ms":142,"path":"/Icons/facilityrental.png","status":304,"timestamp":"2026-01-23T05:17:31.835Z","userEmail":"hligon@getsparqd.com","userId":"5b10576b-4201-4eab-87c0-11adc3cbccd0"}
{"ip":"::1","level":"info","message":"request","method":"GET","ms":148,"path":"/Icons/facebook.png","status":304,"timestamp":"2026-01-23T05:17:31.873Z","userEmail":"hligon@getsparqd.com","userId":"5b10576b-4201-4eab-87c0-11adc3cbccd0"}
{"ip":"::1","level":"info","message":"request","method":"GET","ms":143,"path":"/Icons/mailus.png","status":304,"timestamp":"2026-01-23T05:17:31.893Z","userEmail":"hligon@getsparqd.com","userId":"5b10576b-4201-4eab-87c0-11adc3cbccd0"}
{"ip":"::1","level":"info","message":"request","method":"GET","ms":149,"path":"/Icons/youtube.png","status":304,"timestamp":"2026-01-23T05:17:31.919Z","userEmail":"hligon@getsparqd.com","userId":"5b10576b-4201-4eab-87c0-11adc3cbccd0"}
{"ip":"::1","level":"info","message":"request","method":"GET","ms":156,"path":"/Icons/contactus.png","status":304,"timestamp":"2026-01-23T05:17:31.943Z","userEmail":"hligon@getsparqd.com","userId":"5b10576b-4201-4eab-87c0-11adc3cbccd0"}
{"ip":"::1","level":"info","message":"request","method":"GET","ms":165,"path":"/Icons/address.png","status":304,"timestamp":"2026-01-23T05:17:31.973Z","userEmail":"hligon@getsparqd.com","userId":"5b10576b-4201-4eab-87c0-11adc3cbccd0"}
{"ip":"::1","level":"info","message":"request","method":"GET","ms":153,"path":"/Icons/phone.png","status":304,"timestamp":"2026-01-23T05:17:31.990Z","userEmail":"hligon@getsparqd.com","userId":"5b10576b-4201-4eab-87c0-11adc3cbccd0"}
{"ip":"::1","level":"info","message":"request","method":"GET","ms":142,"path":"/Icons/churchhistory.png","status":304,"timestamp":"2026-01-23T05:17:32.017Z","userEmail":"hligon@getsparqd.com","userId":"5b10576b-4201-4eab-87c0-11adc3cbccd0"}
{"ip":"::1","level":"info","message":"request","method":"GET","ms":142,"path":"/public/gallery.json","status":404,"timestamp":"2026-01-23T05:17:32.043Z","userEmail":"hligon@getsparqd.com","userId":"5b10576b-4201-4eab-87c0-11adc3cbccd0"}
{"ip":"::1","level":"info","message":"request","method":"GET","ms":146,"path":"/Pages/site-settings.json","status":404,"timestamp":"2026-01-23T05:17:32.068Z","userEmail":"hligon@getsparqd.com","userId":"5b10576b-4201-4eab-87c0-11adc3cbccd0"}
{"ip":"::1","level":"info","message":"request","method":"GET","ms":137,"path":"/gallery.json","status":200,"timestamp":"2026-01-23T05:17:32.087Z","userEmail":"hligon@getsparqd.com","userId":"5b10576b-4201-4eab-87c0-11adc3cbccd0"}
{"ip":"::1","level":"info","message":"request","method":"GET","ms":148,"path":"/site-settings.json","status":200,"timestamp":"2026-01-23T05:17:32.102Z","userEmail":"hligon@getsparqd.com","userId":"5b10576b-4201-4eab-87c0-11adc3cbccd0"}
{"ip":"::1","level":"info","message":"request","method":"GET","ms":78,"path":"/Icons/favicon.png","status":304,"timestamp":"2026-01-23T05:17:32.119Z","userEmail":"hligon@getsparqd.com","userId":"5b10576b-4201-4eab-87c0-11adc3cbccd0"}
{"enforceHttps":false,"host":null,"level":"info","message":"server_started","port":8790,"timestamp":"2026-01-23T05:18:20.736Z","trustProxy":false}
{"enforceHttps":false,"host":null,"level":"info","message":"server_started","port":8787,"timestamp":"2026-01-23T05:19:41.449Z","trustProxy":false}
{"ip":"::1","level":"info","message":"request","method":"GET","ms":42,"path":"/","status":200,"timestamp":"2026-01-23T05:19:57.016Z","userEmail":null,"userId":null}
{"ip":"::1","level":"info","message":"request","method":"GET","ms":109,"path":"/admin/","status":200,"timestamp":"2026-01-23T05:19:57.094Z","userEmail":null,"userId":null}
{"ip":"::1","level":"info","message":"request","method":"GET","ms":112,"path":"/Icons/favicon.png","status":200,"timestamp":"2026-01-23T05:19:58.472Z","userEmail":null,"userId":null}
{"ip":"::1","level":"info","message":"request","method":"GET","ms":149,"path":"/ConImg/MtMoriahLogo-1.png","status":200,"timestamp":"2026-01-23T05:19:58.525Z","userEmail":null,"userId":null}
{"ip":"::1","level":"info","message":"request","method":"GET","ms":249,"path":"/schedule_app.css","status":200,"timestamp":"2026-01-23T05:19:58.575Z","userEmail":null,"userId":null}
{"ip":"::1","level":"info","message":"request","method":"GET","ms":345,"path":"/admin/admin.css?v=20260123","status":200,"timestamp":"2026-01-23T05:19:58.616Z","userEmail":null,"userId":null}
{"ip":"::1","level":"info","message":"request","method":"GET","ms":514,"path":"/style.css","status":200,"timestamp":"2026-01-23T05:19:58.672Z","userEmail":null,"userId":null}
{"ip":"::1","level":"info","message":"request","method":"GET","ms":382,"path":"/admin/admin.js?v=20260123","status":200,"timestamp":"2026-01-23T05:19:58.736Z","userEmail":null,"userId":null}
{"ip":"::1","level":"info","message":"request","method":"GET","ms":140,"path":"/script.js","status":200,"timestamp":"2026-01-23T05:19:58.839Z","userEmail":null,"userId":null}
{"ip":"::1","level":"info","message":"request","method":"GET","ms":189,"path":"/ConImg/Mt-Moriah-4.png","status":200,"timestamp":"2026-01-23T05:19:59.093Z","userEmail":null,"userId":null}
{"ip":"::1","level":"info","message":"request","method":"GET","ms":423,"path":"/ConImg/Mt-Moriah-5.png","status":200,"timestamp":"2026-01-23T05:19:59.123Z","userEmail":null,"userId":null}
{"ip":"::1","level":"info","message":"request","method":"GET","ms":334,"path":"/api/gallery/r2tree?prefix=gallery%2F&limit=1000","status":401,"timestamp":"2026-01-23T05:19:59.137Z","userEmail":null,"userId":null}
{"ip":"::1","level":"info","message":"request","method":"GET","ms":654,"path":"/ConImg/SteveHarvey1.png","status":200,"timestamp":"2026-01-23T05:19:59.259Z","userEmail":null,"userId":null}
{"ip":"::1","level":"info","message":"request","method":"GET","ms":249,"path":"/favicon.ico","status":404,"timestamp":"2026-01-23T05:19:59.325Z","userEmail":null,"userId":null}
{"ip":"::1","level":"info","message":"request","method":"GET","ms":333,"path":"/announcements_ticker.js","status":200,"timestamp":"2026-01-23T05:19:59.438Z","userEmail":null,"userId":null}
{"ip":"::1","level":"info","message":"request","method":"GET","ms":260,"path":"/bulletins_widget.js","status":200,"timestamp":"2026-01-23T05:19:59.544Z","userEmail":null,"userId":null}
{"ip":"::1","level":"info","message":"request","method":"GET","ms":482,"path":"/ConImg/Mt-Moriah-1.png","status":200,"timestamp":"2026-01-23T05:19:59.658Z","userEmail":null,"userId":null}
{"ip":"::1","level":"info","message":"request","method":"GET","ms":264,"path":"/Icons/home.png","status":200,"timestamp":"2026-01-23T05:19:59.737Z","userEmail":null,"userId":null}
{"ip":"::1","level":"info","message":"request","method":"GET","ms":345,"path":"/Icons/ministries.png","status":200,"timestamp":"2026-01-23T05:19:59.881Z","userEmail":null,"userId":null}
{"ip":"::1","level":"info","message":"request","method":"GET","ms":613,"path":"/Icons/leadership.png","status":200,"timestamp":"2026-01-23T05:20:00.187Z","userEmail":null,"userId":null}
{"ip":"::1","level":"info","message":"request","method":"GET","ms":988,"path":"/Icons/churchhistory.png","status":200,"timestamp":"2026-01-23T05:20:00.625Z","userEmail":null,"userId":null}
{"ip":"::1","level":"info","message":"request","method":"GET","ms":1167,"path":"/schedule_app.js","status":200,"timestamp":"2026-01-23T05:20:00.855Z","userEmail":null,"userId":null}
{"ip":"::1","level":"info","message":"request","method":"GET","ms":1543,"path":"/Icons/facilityrental.png","status":200,"timestamp":"2026-01-23T05:20:01.303Z","userEmail":null,"userId":null}
{"ip":"::1","level":"info","message":"request","method":"GET","ms":1825,"path":"/Icons/contactus.png","status":200,"timestamp":"2026-01-23T05:20:01.673Z","userEmail":null,"userId":null}
{"ip":"::1","level":"info","message":"request","method":"GET","ms":2014,"path":"/Icons/address.png","status":200,"timestamp":"2026-01-23T05:20:01.871Z","userEmail":null,"userId":null}
{"ip":"::1","level":"info","message":"request","method":"GET","ms":2134,"path":"/Icons/phone.png","status":200,"timestamp":"2026-01-23T05:20:01.999Z","userEmail":null,"userId":null}
{"ip":"::1","level":"info","message":"request","method":"GET","ms":2125,"path":"/Icons/mailus.png","status":200,"timestamp":"2026-01-23T05:20:02.134Z","userEmail":null,"userId":null}
{"ip":"::1","level":"info","message":"request","method":"GET","ms":2260,"path":"/Icons/facebook.png","status":200,"timestamp":"2026-01-23T05:20:02.270Z","userEmail":null,"userId":null}
{"ip":"::1","level":"info","message":"request","method":"GET","ms":2432,"path":"/Icons/youtube.png","status":200,"timestamp":"2026-01-23T05:20:02.454Z","userEmail":null,"userId":null}
{"ip":"::1","level":"info","message":"request","method":"GET","ms":1599,"path":"/site-settings.json","status":200,"timestamp":"2026-01-23T05:20:02.501Z","userEmail":null,"userId":null}
{"ip":"::1","level":"info","message":"request","method":"GET","ms":1616,"path":"/announcements.json","status":200,"timestamp":"2026-01-23T05:20:02.520Z","userEmail":null,"userId":null}
{"ip":"::1","level":"info","message":"request","method":"GET","ms":2603,"path":"/ConImg/Church.jpg","status":200,"timestamp":"2026-01-23T05:20:02.536Z","userEmail":null,"userId":null}
{"ip":"::1","level":"info","message":"request","method":"GET","ms":1431,"path":"/bulletins.json","status":200,"timestamp":"2026-01-23T05:20:02.555Z","userEmail":null,"userId":null}
{"ip":"::1","level":"info","message":"request","method":"GET","ms":1371,"path":"/schedule.json","status":200,"timestamp":"2026-01-23T05:20:02.572Z","userEmail":null,"userId":null}
{"ip":"::1","level":"info","message":"request","method":"GET","ms":536,"path":"/Icons/favicon.png","status":304,"timestamp":"2026-01-23T05:20:02.590Z","userEmail":null,"userId":null}
{"ip":"::1","level":"info","message":"request","method":"GET","ms":411,"path":"/Pages/photo_gallery.html","status":200,"timestamp":"2026-01-23T05:20:02.627Z","userEmail":null,"userId":null}
{"ip":"::1","level":"info","message":"request","method":"GET","ms":74,"path":"/style.css?v=20260122","status":200,"timestamp":"2026-01-23T05:20:02.753Z","userEmail":null,"userId":null}
{"ip":"::1","level":"info","message":"request","method":"GET","ms":50,"path":"/schedule_app.css","status":304,"timestamp":"2026-01-23T05:20:02.771Z","userEmail":null,"userId":null}
{"ip":"::1","level":"info","message":"request","method":"GET","ms":66,"path":"/ConImg/MtMoriahLogo-1.png","status":304,"timestamp":"2026-01-23T05:20:02.788Z","userEmail":null,"userId":null}
{"ip":"::1","level":"info","message":"request","method":"GET","ms":121,"path":"/Icons/home.png","status":304,"timestamp":"2026-01-23T05:20:02.843Z","userEmail":null,"userId":null}
{"ip":"::1","level":"info","message":"request","method":"GET","ms":148,"path":"/Icons/ministries.png","status":304,"timestamp":"2026-01-23T05:20:02.871Z","userEmail":null,"userId":null}
{"ip":"::1","level":"info","message":"request","method":"GET","ms":172,"path":"/script.js?v=20260122","status":200,"timestamp":"2026-01-23T05:20:02.891Z","userEmail":null,"userId":null}
{"ip":"::1","level":"info","message":"request","method":"GET","ms":160,"path":"/Icons/leadership.png","status":304,"timestamp":"2026-01-23T05:20:02.916Z","userEmail":null,"userId":null}
{"ip":"::1","level":"info","message":"request","method":"GET","ms":169,"path":"/Pages/photo_gallery.js","status":200,"timestamp":"2026-01-23T05:20:02.943Z","userEmail":null,"userId":null}
{"ip":"::1","level":"info","message":"request","method":"GET","ms":167,"path":"/Icons/churchhistory.png","status":304,"timestamp":"2026-01-23T05:20:02.975Z","userEmail":null,"userId":null}
{"ip":"::1","level":"info","message":"request","method":"GET","ms":151,"path":"/Icons/facilityrental.png","status":304,"timestamp":"2026-01-23T05:20:03.005Z","userEmail":null,"userId":null}
{"ip":"::1","level":"info","message":"request","method":"GET","ms":161,"path":"/Icons/facebook.png","status":304,"timestamp":"2026-01-23T05:20:03.035Z","userEmail":null,"userId":null}
{"ip":"::1","level":"info","message":"request","method":"GET","ms":154,"path":"/Icons/mailus.png","status":304,"timestamp":"2026-01-23T05:20:03.054Z","userEmail":null,"userId":null}
{"ip":"::1","level":"info","message":"request","method":"GET","ms":167,"path":"/Icons/youtube.png","status":304,"timestamp":"2026-01-23T05:20:03.086Z","userEmail":null,"userId":null}
{"ip":"::1","level":"info","message":"request","method":"GET","ms":151,"path":"/Icons/contactus.png","status":304,"timestamp":"2026-01-23T05:20:03.105Z","userEmail":null,"userId":null}
{"ip":"::1","level":"info","message":"request","method":"GET","ms":173,"path":"/Icons/address.png","status":304,"timestamp":"2026-01-23T05:20:03.150Z","userEmail":null,"userId":null}
{"ip":"::1","level":"info","message":"request","method":"GET","ms":193,"path":"/Icons/phone.png","status":304,"timestamp":"2026-01-23T05:20:03.206Z","userEmail":null,"userId":null}
{"ip":"::1","level":"info","message":"request","method":"GET","ms":213,"path":"/ConImg/Church.jpg","status":304,"timestamp":"2026-01-23T05:20:03.250Z","userEmail":null,"userId":null}
{"ip":"::1","level":"info","message":"request","method":"GET","ms":236,"path":"/public/gallery.json","status":404,"timestamp":"2026-01-23T05:20:03.299Z","userEmail":null,"userId":null}
{"ip":"::1","level":"info","message":"request","method":"GET","ms":233,"path":"/Pages/site-settings.json","status":404,"timestamp":"2026-01-23T05:20:03.322Z","userEmail":null,"userId":null}
{"ip":"::1","level":"info","message":"request","method":"GET","ms":230,"path":"/gallery.json","status":200,"timestamp":"2026-01-23T05:20:03.337Z","userEmail":null,"userId":null}
{"ip":"::1","level":"info","message":"request","method":"GET","ms":278,"path":"/site-settings.json","status":200,"timestamp":"2026-01-23T05:20:03.392Z","userEmail":null,"userId":null}
{"ip":"::1","level":"info","message":"request","method":"POST","ms":62,"path":"/api/auth/login","status":401,"timestamp":"2026-01-23T05:20:12.919Z","userEmail":null,"userId":null}
{"ip":"::1","level":"info","message":"request","method":"POST","ms":464,"path":"/api/auth/login","status":200,"timestamp":"2026-01-23T05:20:21.601Z","userEmail":"hligon@getsparqd.com","userId":"5b10576b-4201-4eab-87c0-11adc3cbccd0"}
{"ip":"::1","level":"info","message":"request","method":"GET","ms":17,"path":"/api/csrf","status":200,"timestamp":"2026-01-23T05:20:21.622Z","userEmail":"hligon@getsparqd.com","userId":"5b10576b-4201-4eab-87c0-11adc3cbccd0"}
{"ip":"::1","level":"info","message":"request","method":"GET","ms":31,"path":"/api/me","status":200,"timestamp":"2026-01-23T05:20:21.657Z","userEmail":"hligon@getsparqd.com","userId":"5b10576b-4201-4eab-87c0-11adc3cbccd0"}
{"ip":"::1","level":"info","message":"request","method":"GET","ms":57,"path":"/api/csrf","status":200,"timestamp":"2026-01-23T05:20:21.717Z","userEmail":"hligon@getsparqd.com","userId":"5b10576b-4201-4eab-87c0-11adc3cbccd0"}
{"ip":"::1","level":"info","message":"request","method":"GET","ms":66,"path":"/api/announcements","status":200,"timestamp":"2026-01-23T05:20:21.802Z","userEmail":"hligon@getsparqd.com","userId":"5b10576b-4201-4eab-87c0-11adc3cbccd0"}
{"ip":"::1","level":"info","message":"request","method":"GET","ms":82,"path":"/api/finances","status":200,"timestamp":"2026-01-23T05:20:21.818Z","userEmail":"hligon@getsparqd.com","userId":"5b10576b-4201-4eab-87c0-11adc3cbccd0"}
{"ip":"::1","level":"info","message":"request","method":"GET","ms":98,"path":"/api/events","status":200,"timestamp":"2026-01-23T05:20:21.835Z","userEmail":"hligon@getsparqd.com","userId":"5b10576b-4201-4eab-87c0-11adc3cbccd0"}
{"ip":"::1","level":"info","message":"request","method":"GET","ms":118,"path":"/api/bulletins","status":200,"timestamp":"2026-01-23T05:20:21.855Z","userEmail":"hligon@getsparqd.com","userId":"5b10576b-4201-4eab-87c0-11adc3cbccd0"}
{"ip":"::1","level":"info","message":"request","method":"GET","ms":562,"path":"/api/gallery","status":200,"timestamp":"2026-01-23T05:20:22.296Z","userEmail":"hligon@getsparqd.com","userId":"5b10576b-4201-4eab-87c0-11adc3cbccd0"}
{"ip":"::1","level":"info","message":"request","method":"GET","ms":609,"path":"/api/gallery/r2tree?prefix=gallery%2F&limit=1000","status":200,"timestamp":"2026-01-23T05:20:22.984Z","userEmail":"hligon@getsparqd.com","userId":"5b10576b-4201-4eab-87c0-11adc3cbccd0"}
{"ip":"::1","level":"info","message":"request","method":"POST","ms":3400,"path":"/api/support/message","status":200,"timestamp":"2026-01-23T05:20:31.705Z","userEmail":"hligon@getsparqd.com","userId":"5b10576b-4201-4eab-87c0-11adc3cbccd0"}
{"ip":"::1","level":"info","message":"request","method":"GET","ms":30,"path":"/admin/admin.css?v=20260123","status":200,"timestamp":"2026-01-23T05:20:40.882Z","userEmail":"hligon@getsparqd.com","userId":"5b10576b-4201-4eab-87c0-11adc3cbccd0"}
{"ip":"::1","level":"info","message":"request","method":"GET","ms":50,"path":"/.well-known/appspecific/com.chrome.devtools.json","status":404,"timestamp":"2026-01-23T05:20:40.985Z","userEmail":"hligon@getsparqd.com","userId":"5b10576b-4201-4eab-87c0-11adc3cbccd0"}
{"ip":"::ffff:127.0.0.1","level":"info","message":"request","method":"GET","ms":11,"path":"/api/csrf","status":401,"timestamp":"2026-01-23T05:23:49.961Z","userEmail":null,"userId":null}
{"ip":"::ffff:127.0.0.1","level":"info","message":"request","method":"POST","ms":411,"path":"/api/auth/login","status":200,"timestamp":"2026-01-23T05:23:50.396Z","userEmail":"admin@example.com","userId":"6c857b36-9026-492e-9065-0af928dde7eb"}
{"ip":"::ffff:127.0.0.1","level":"info","message":"request","method":"GET","ms":15,"path":"/api/csrf","status":200,"timestamp":"2026-01-23T05:23:50.420Z","userEmail":"admin@example.com","userId":"6c857b36-9026-492e-9065-0af928dde7eb"}
{"ip":"::ffff:127.0.0.1","level":"info","message":"request","method":"POST","ms":25,"path":"/api/announcements","status":403,"timestamp":"2026-01-23T05:23:50.451Z","userEmail":"admin@example.com","userId":"6c857b36-9026-492e-9065-0af928dde7eb"}
{"ip":"::ffff:127.0.0.1","level":"info","message":"request","method":"POST","ms":26,"path":"/api/announcements","status":200,"timestamp":"2026-01-23T05:23:50.487Z","userEmail":"admin@example.com","userId":"6c857b36-9026-492e-9065-0af928dde7eb"}
{"actor":"support-emailer@test","level":"info","message":"support_email_disabled","subject":"Test","timestamp":"2026-01-23T05:23:50.498Z"}
{"ip":"::ffff:127.0.0.1","level":"info","message":"request","method":"POST","ms":4,"path":"/api/support/message","status":200,"timestamp":"2026-01-23T05:23:50.501Z","userEmail":null,"userId":null}
{"ip":"::1","level":"info","message":"request","method":"GET","ms":28,"path":"/admin/","status":200,"timestamp":"2026-01-23T05:24:15.655Z","userEmail":"hligon@getsparqd.com","userId":"5b10576b-4201-4eab-87c0-11adc3cbccd0"}
{"ip":"::1","level":"info","message":"request","method":"GET","ms":222,"path":"/Icons/favicon.png","status":200,"timestamp":"2026-01-23T05:24:15.988Z","userEmail":"hligon@getsparqd.com","userId":"5b10576b-4201-4eab-87c0-11adc3cbccd0"}
{"ip":"::1","level":"info","message":"request","method":"GET","ms":257,"path":"/admin/admin.css?v=20260123","status":200,"timestamp":"2026-01-23T05:24:16.022Z","userEmail":"hligon@getsparqd.com","userId":"5b10576b-4201-4eab-87c0-11adc3cbccd0"}
{"ip":"::1","level":"info","message":"request","method":"GET","ms":153,"path":"/.well-known/appspecific/com.chrome.devtools.json","status":404,"timestamp":"2026-01-23T05:24:16.071Z","userEmail":"hligon@getsparqd.com","userId":"5b10576b-4201-4eab-87c0-11adc3cbccd0"}
{"ip":"::1","level":"info","message":"request","method":"GET","ms":260,"path":"/admin/admin.js?v=20260123","status":200,"timestamp":"2026-01-23T05:24:16.177Z","userEmail":"hligon@getsparqd.com","userId":"5b10576b-4201-4eab-87c0-11adc3cbccd0"}
{"ip":"::1","level":"info","message":"request","method":"GET","ms":67,"path":"/favicon.ico","status":404,"timestamp":"2026-01-23T05:24:16.602Z","userEmail":"hligon@getsparqd.com","userId":"5b10576b-4201-4eab-87c0-11adc3cbccd0"}
{"ip":"::1","level":"info","message":"request","method":"GET","ms":705,"path":"/api/gallery/r2tree?prefix=gallery%2F&limit=1000","status":200,"timestamp":"2026-01-23T05:24:16.957Z","userEmail":"hligon@getsparqd.com","userId":"5b10576b-4201-4eab-87c0-11adc3cbccd0"}
{"ip":"::1","level":"info","message":"request","method":"POST","ms":481,"path":"/api/auth/login","status":200,"timestamp":"2026-01-23T05:24:33.781Z","userEmail":"hligon@getsparqd.com","userId":"5b10576b-4201-4eab-87c0-11adc3cbccd0"}
{"ip":"::1","level":"info","message":"request","method":"GET","ms":14,"path":"/api/csrf","status":200,"timestamp":"2026-01-23T05:24:33.798Z","userEmail":"hligon@getsparqd.com","userId":"5b10576b-4201-4eab-87c0-11adc3cbccd0"}
{"ip":"::1","level":"info","message":"request","method":"GET","ms":17,"path":"/api/me","status":304,"timestamp":"2026-01-23T05:24:33.818Z","userEmail":"hligon@getsparqd.com","userId":"5b10576b-4201-4eab-87c0-11adc3cbccd0"}
{"ip":"::1","level":"info","message":"request","method":"GET","ms":34,"path":"/api/csrf","status":200,"timestamp":"2026-01-23T05:24:33.865Z","userEmail":"hligon@getsparqd.com","userId":"5b10576b-4201-4eab-87c0-11adc3cbccd0"}
{"ip":"::1","level":"info","message":"request","method":"GET","ms":25,"path":"/api/announcements","status":304,"timestamp":"2026-01-23T05:24:33.898Z","userEmail":"hligon@getsparqd.com","userId":"5b10576b-4201-4eab-87c0-11adc3cbccd0"}
{"ip":"::1","level":"info","message":"request","method":"GET","ms":35,"path":"/api/events","status":304,"timestamp":"2026-01-23T05:24:33.910Z","userEmail":"hligon@getsparqd.com","userId":"5b10576b-4201-4eab-87c0-11adc3cbccd0"}
{"ip":"::1","level":"info","message":"request","method":"GET","ms":50,"path":"/api/bulletins","status":304,"timestamp":"2026-01-23T05:24:33.927Z","userEmail":"hligon@getsparqd.com","userId":"5b10576b-4201-4eab-87c0-11adc3cbccd0"}
{"ip":"::1","level":"info","message":"request","method":"GET","ms":71,"path":"/api/finances","status":304,"timestamp":"2026-01-23T05:24:33.951Z","userEmail":"hligon@getsparqd.com","userId":"5b10576b-4201-4eab-87c0-11adc3cbccd0"}
{"ip":"::1","level":"info","message":"request","method":"GET","ms":470,"path":"/api/gallery","status":200,"timestamp":"2026-01-23T05:24:34.340Z","userEmail":"hligon@getsparqd.com","userId":"5b10576b-4201-4eab-87c0-11adc3cbccd0"}
{"ip":"::1","level":"info","message":"request","method":"GET","ms":549,"path":"/api/gallery/r2tree?prefix=gallery%2F&limit=1000","status":200,"timestamp":"2026-01-23T05:24:34.989Z","userEmail":"hligon@getsparqd.com","userId":"5b10576b-4201-4eab-87c0-11adc3cbccd0"}
{"ip":"::1","level":"info","message":"request","method":"POST","ms":4887,"path":"/api/support/message","status":200,"timestamp":"2026-01-23T05:24:50.508Z","userEmail":"hligon@getsparqd.com","userId":"5b10576b-4201-4eab-87c0-11adc3cbccd0"}
{"ip":"::1","level":"info","message":"request","method":"GET","ms":34,"path":"/Pages/photo_gallery.html","status":304,"timestamp":"2026-01-23T05:25:25.889Z","userEmail":"hligon@getsparqd.com","userId":"5b10576b-4201-4eab-87c0-11adc3cbccd0"}
{"ip":"::1","level":"info","message":"request","method":"GET","ms":147,"path":"/style.css?v=20260122","status":304,"timestamp":"2026-01-23T05:25:26.072Z","userEmail":"hligon@getsparqd.com","userId":"5b10576b-4201-4eab-87c0-11adc3cbccd0"}
{"ip":"::1","level":"info","message":"request","method":"GET","ms":179,"path":"/schedule_app.css","status":304,"timestamp":"2026-01-23T05:25:26.105Z","userEmail":"hligon@getsparqd.com","userId":"5b10576b-4201-4eab-87c0-11adc3cbccd0"}
{"ip":"::1","level":"info","message":"request","method":"GET","ms":227,"path":"/Icons/home.png","status":304,"timestamp":"2026-01-23T05:25:26.160Z","userEmail":"hligon@getsparqd.com","userId":"5b10576b-4201-4eab-87c0-11adc3cbccd0"}
{"ip":"::1","level":"info","message":"request","method":"GET","ms":256,"path":"/ConImg/MtMoriahLogo-1.png","status":304,"timestamp":"2026-01-23T05:25:26.190Z","userEmail":"hligon@getsparqd.com","userId":"5b10576b-4201-4eab-87c0-11adc3cbccd0"}
{"ip":"::1","level":"info","message":"request","method":"GET","ms":201,"path":"/Icons/ministries.png","status":304,"timestamp":"2026-01-23T05:25:26.210Z","userEmail":"hligon@getsparqd.com","userId":"5b10576b-4201-4eab-87c0-11adc3cbccd0"}
{"ip":"::1","level":"info","message":"request","method":"GET","ms":229,"path":"/script.js?v=20260122","status":304,"timestamp":"2026-01-23T05:25:26.256Z","userEmail":"hligon@getsparqd.com","userId":"5b10576b-4201-4eab-87c0-11adc3cbccd0"}
{"ip":"::1","level":"info","message":"request","method":"GET","ms":231,"path":"/Icons/leadership.png","status":304,"timestamp":"2026-01-23T05:25:26.304Z","userEmail":"hligon@getsparqd.com","userId":"5b10576b-4201-4eab-87c0-11adc3cbccd0"}
{"ip":"::1","level":"info","message":"request","method":"GET","ms":213,"path":"/Pages/photo_gallery.js","status":304,"timestamp":"2026-01-23T05:25:26.334Z","userEmail":"hligon@getsparqd.com","userId":"5b10576b-4201-4eab-87c0-11adc3cbccd0"}
{"ip":"::1","level":"info","message":"request","method":"GET","ms":185,"path":"/ConImg/Church.jpg","status":304,"timestamp":"2026-01-23T05:25:26.353Z","userEmail":"hligon@getsparqd.com","userId":"5b10576b-4201-4eab-87c0-11adc3cbccd0"}
{"ip":"::1","level":"info","message":"request","method":"GET","ms":194,"path":"/Icons/phone.png","status":304,"timestamp":"2026-01-23T05:25:26.386Z","userEmail":"hligon@getsparqd.com","userId":"5b10576b-4201-4eab-87c0-11adc3cbccd0"}
{"ip":"::1","level":"info","message":"request","method":"GET","ms":192,"path":"/Icons/address.png","status":304,"timestamp":"2026-01-23T05:25:26.418Z","userEmail":"hligon@getsparqd.com","userId":"5b10576b-4201-4eab-87c0-11adc3cbccd0"}
{"ip":"::1","level":"info","message":"request","method":"GET","ms":178,"path":"/Icons/facilityrental.png","status":304,"timestamp":"2026-01-23T05:25:26.439Z","userEmail":"hligon@getsparqd.com","userId":"5b10576b-4201-4eab-87c0-11adc3cbccd0"}
{"ip":"::1","level":"info","message":"request","method":"GET","ms":203,"path":"/Icons/churchhistory.png","status":304,"timestamp":"2026-01-23T05:25:26.509Z","userEmail":"hligon@getsparqd.com","userId":"5b10576b-4201-4eab-87c0-11adc3cbccd0"}
{"ip":"::1","level":"info","message":"request","method":"GET","ms":228,"path":"/Icons/youtube.png","status":304,"timestamp":"2026-01-23T05:25:26.564Z","userEmail":"hligon@getsparqd.com","userId":"5b10576b-4201-4eab-87c0-11adc3cbccd0"}
{"ip":"::1","level":"info","message":"request","method":"GET","ms":230,"path":"/Icons/mailus.png","status":304,"timestamp":"2026-01-23T05:25:26.585Z","userEmail":"hligon@getsparqd.com","userId":"5b10576b-4201-4eab-87c0-11adc3cbccd0"}
{"ip":"::1","level":"info","message":"request","method":"GET","ms":275,"path":"/Icons/contactus.png","status":304,"timestamp":"2026-01-23T05:25:26.674Z","userEmail":"hligon@getsparqd.com","userId":"5b10576b-4201-4eab-87c0-11adc3cbccd0"}
{"ip":"::1","level":"info","message":"request","method":"GET","ms":349,"path":"/Icons/facebook.png","status":304,"timestamp":"2026-01-23T05:25:26.772Z","userEmail":"hligon@getsparqd.com","userId":"5b10576b-4201-4eab-87c0-11adc3cbccd0"}
{"ip":"::1","level":"info","message":"request","method":"GET","ms":388,"path":"/public/gallery.json","status":404,"timestamp":"2026-01-23T05:25:26.836Z","userEmail":"hligon@getsparqd.com","userId":"5b10576b-4201-4eab-87c0-11adc3cbccd0"}
{"ip":"::1","level":"info","message":"request","method":"GET","ms":337,"path":"/Pages/site-settings.json","status":404,"timestamp":"2026-01-23T05:25:26.852Z","userEmail":"hligon@getsparqd.com","userId":"5b10576b-4201-4eab-87c0-11adc3cbccd0"}
{"ip":"::1","level":"info","message":"request","method":"GET","ms":229,"path":"/site-settings.json","status":200,"timestamp":"2026-01-23T05:25:26.881Z","userEmail":"hligon@getsparqd.com","userId":"5b10576b-4201-4eab-87c0-11adc3cbccd0"}
{"ip":"::1","level":"info","message":"request","method":"GET","ms":286,"path":"/gallery.json","status":200,"timestamp":"2026-01-23T05:25:26.938Z","userEmail":"hligon@getsparqd.com","userId":"5b10576b-4201-4eab-87c0-11adc3cbccd0"}
{"ip":"::1","level":"info","message":"request","method":"GET","ms":167,"path":"/Icons/favicon.png","status":304,"timestamp":"2026-01-23T05:25:26.973Z","userEmail":"hligon@getsparqd.com","userId":"5b10576b-4201-4eab-87c0-11adc3cbccd0"}
{"enforceHttps":false,"host":null,"level":"info","message":"server_started","port":8787,"timestamp":"2026-01-23T05:25:39.583Z","trustProxy":false}
{"ip":"::1","level":"info","message":"request","method":"GET","ms":31,"path":"/admin/","status":200,"timestamp":"2026-01-23T05:25:42.131Z","userEmail":null,"userId":null}
{"ip":"::1","level":"info","message":"request","method":"GET","ms":7,"path":"/admin/admin.css?v=20260123","status":200,"timestamp":"2026-01-23T05:25:42.622Z","userEmail":null,"userId":null}
{"ip":"::1","level":"info","message":"request","method":"GET","ms":2,"path":"/Icons/favicon.png","status":304,"timestamp":"2026-01-23T05:25:42.641Z","userEmail":null,"userId":null}
{"ip":"::1","level":"info","message":"request","method":"GET","ms":14,"path":"/admin/admin.js?v=20260123","status":200,"timestamp":"2026-01-23T05:25:42.652Z","userEmail":null,"userId":null}
{"ip":"::1","level":"info","message":"request","method":"GET","ms":24,"path":"/api/gallery/r2tree?prefix=gallery%2F&limit=1000","status":401,"timestamp":"2026-01-23T05:25:42.710Z","userEmail":null,"userId":null}
{"ip":"::1","level":"info","message":"request","method":"GET","ms":49,"path":"/favicon.ico","status":404,"timestamp":"2026-01-23T05:25:43.376Z","userEmail":null,"userId":null}
{"ip":"::1","level":"info","message":"request","method":"POST","ms":496,"path":"/api/auth/login","status":401,"timestamp":"2026-01-23T05:26:05.302Z","userEmail":null,"userId":null}
{"ip":"::1","level":"info","message":"request","method":"POST","ms":418,"path":"/api/auth/login","status":200,"timestamp":"2026-01-23T05:26:14.067Z","userEmail":"hligon@getsparqd.com","userId":"5b10576b-4201-4eab-87c0-11adc3cbccd0"}
{"ip":"::1","level":"info","message":"request","method":"GET","ms":21,"path":"/api/csrf","status":200,"timestamp":"2026-01-23T05:26:14.091Z","userEmail":"hligon@getsparqd.com","userId":"5b10576b-4201-4eab-87c0-11adc3cbccd0"}
{"ip":"::1","level":"info","message":"request","method":"GET","ms":17,"path":"/api/me","status":304,"timestamp":"2026-01-23T05:26:14.120Z","userEmail":"hligon@getsparqd.com","userId":"5b10576b-4201-4eab-87c0-11adc3cbccd0"}
{"ip":"::1","level":"info","message":"request","method":"GET","ms":45,"path":"/api/csrf","status":200,"timestamp":"2026-01-23T05:26:14.169Z","userEmail":"hligon@getsparqd.com","userId":"5b10576b-4201-4eab-87c0-11adc3cbccd0"}
{"ip":"::1","level":"info","message":"request","method":"GET","ms":69,"path":"/api/events","status":304,"timestamp":"2026-01-23T05:26:14.250Z","userEmail":"hligon@getsparqd.com","userId":"5b10576b-4201-4eab-87c0-11adc3cbccd0"}
{"ip":"::1","level":"info","message":"request","method":"GET","ms":82,"path":"/api/bulletins","status":304,"timestamp":"2026-01-23T05:26:14.265Z","userEmail":"hligon@getsparqd.com","userId":"5b10576b-4201-4eab-87c0-11adc3cbccd0"}
{"ip":"::1","level":"info","message":"request","method":"GET","ms":96,"path":"/api/announcements","status":304,"timestamp":"2026-01-23T05:26:14.280Z","userEmail":"hligon@getsparqd.com","userId":"5b10576b-4201-4eab-87c0-11adc3cbccd0"}
{"ip":"::1","level":"info","message":"request","method":"GET","ms":115,"path":"/api/finances","status":304,"timestamp":"2026-01-23T05:26:14.301Z","userEmail":"hligon@getsparqd.com","userId":"5b10576b-4201-4eab-87c0-11adc3cbccd0"}
{"ip":"::1","level":"info","message":"request","method":"GET","ms":348,"path":"/api/gallery","status":200,"timestamp":"2026-01-23T05:26:14.525Z","userEmail":"hligon@getsparqd.com","userId":"5b10576b-4201-4eab-87c0-11adc3cbccd0"}
{"ip":"::1","level":"info","message":"request","method":"GET","ms":523,"path":"/api/gallery/r2tree?prefix=gallery%2F&limit=1000","status":200,"timestamp":"2026-01-23T05:26:15.132Z","userEmail":"hligon@getsparqd.com","userId":"5b10576b-4201-4eab-87c0-11adc3cbccd0"}
{"ip":"::1","level":"info","message":"request","method":"POST","ms":3896,"path":"/api/support/message","status":200,"timestamp":"2026-01-23T05:26:24.603Z","userEmail":"hligon@getsparqd.com","userId":"5b10576b-4201-4eab-87c0-11adc3cbccd0"}
{"ip":"::1","level":"info","message":"request","method":"GET","ms":26,"path":"/admin/admin.css?v=20260123","status":200,"timestamp":"2026-01-23T05:26:26.860Z","userEmail":"hligon@getsparqd.com","userId":"5b10576b-4201-4eab-87c0-11adc3cbccd0"}
{"ip":"::1","level":"info","message":"request","method":"GET","ms":44,"path":"/.well-known/appspecific/com.chrome.devtools.json","status":404,"timestamp":"2026-01-23T05:26:26.908Z","userEmail":"hligon@getsparqd.com","userId":"5b10576b-4201-4eab-87c0-11adc3cbccd0"}
{"enforceHttps":false,"host":null,"level":"info","message":"server_started","port":8787,"timestamp":"2026-01-23T12:58:52.609Z","trustProxy":false}
{"ip":"::1","level":"info","message":"request","method":"GET","ms":100,"path":"/admin/","status":200,"timestamp":"2026-01-23T12:58:57.247Z","userEmail":null,"userId":null}
{"ip":"::1","level":"info","message":"request","method":"GET","ms":4,"path":"/Icons/favicon.png","status":304,"timestamp":"2026-01-23T12:58:57.406Z","userEmail":null,"userId":null}
{"ip":"::1","level":"info","message":"request","method":"GET","ms":105,"path":"/admin/admin.css?v=20260123","status":200,"timestamp":"2026-01-23T12:58:57.475Z","userEmail":null,"userId":null}
{"ip":"::1","level":"info","message":"request","method":"GET","ms":104,"path":"/admin/admin.js?v=20260123","status":200,"timestamp":"2026-01-23T12:58:57.514Z","userEmail":null,"userId":null}
{"ip":"::1","level":"info","message":"request","method":"GET","ms":43,"path":"/api/gallery/r2tree?prefix=gallery%2F&limit=1000","status":401,"timestamp":"2026-01-23T12:58:57.578Z","userEmail":null,"userId":null}
{"ip":"::1","level":"info","message":"request","method":"GET","ms":53,"path":"/favicon.ico","status":404,"timestamp":"2026-01-23T12:58:57.894Z","userEmail":null,"userId":null}
{"ip":"::1","level":"info","message":"request","method":"POST","ms":472,"path":"/api/auth/login","status":401,"timestamp":"2026-01-23T12:59:15.626Z","userEmail":null,"userId":null}
{"ip":"::1","level":"info","message":"request","method":"POST","ms":528,"path":"/api/auth/login","status":200,"timestamp":"2026-01-23T12:59:26.207Z","userEmail":"hligon@getsparqd.com","userId":"5b10576b-4201-4eab-87c0-11adc3cbccd0"}
{"ip":"::1","level":"info","message":"request","method":"GET","ms":27,"path":"/api/csrf","status":200,"timestamp":"2026-01-23T12:59:26.237Z","userEmail":"hligon@getsparqd.com","userId":"5b10576b-4201-4eab-87c0-11adc3cbccd0"}
{"ip":"::1","level":"info","message":"request","method":"GET","ms":20,"path":"/api/me","status":304,"timestamp":"2026-01-23T12:59:26.262Z","userEmail":"hligon@getsparqd.com","userId":"5b10576b-4201-4eab-87c0-11adc3cbccd0"}
{"ip":"::1","level":"info","message":"request","method":"GET","ms":19,"path":"/api/csrf","status":200,"timestamp":"2026-01-23T12:59:26.288Z","userEmail":"hligon@getsparqd.com","userId":"5b10576b-4201-4eab-87c0-11adc3cbccd0"}
{"ip":"::1","level":"info","message":"request","method":"GET","ms":23,"path":"/api/announcements","status":304,"timestamp":"2026-01-23T12:59:26.395Z","userEmail":"hligon@getsparqd.com","userId":"5b10576b-4201-4eab-87c0-11adc3cbccd0"}
{"ip":"::1","level":"info","message":"request","method":"GET","ms":36,"path":"/api/bulletins","status":304,"timestamp":"2026-01-23T12:59:26.409Z","userEmail":"hligon@getsparqd.com","userId":"5b10576b-4201-4eab-87c0-11adc3cbccd0"}
{"ip":"::1","level":"info","message":"request","method":"GET","ms":60,"path":"/api/events","status":304,"timestamp":"2026-01-23T12:59:26.433Z","userEmail":"hligon@getsparqd.com","userId":"5b10576b-4201-4eab-87c0-11adc3cbccd0"}
{"ip":"::1","level":"info","message":"request","method":"GET","ms":78,"path":"/api/finances","status":304,"timestamp":"2026-01-23T12:59:26.452Z","userEmail":"hligon@getsparqd.com","userId":"5b10576b-4201-4eab-87c0-11adc3cbccd0"}
{"ip":"::1","level":"info","message":"request","method":"GET","ms":686,"path":"/api/gallery","status":200,"timestamp":"2026-01-23T12:59:26.992Z","userEmail":"hligon@getsparqd.com","userId":"5b10576b-4201-4eab-87c0-11adc3cbccd0"}
{"ip":"::1","level":"info","message":"request","method":"GET","ms":403,"path":"/api/gallery/r2tree?prefix=gallery%2F&limit=1000","status":200,"timestamp":"2026-01-23T12:59:27.474Z","userEmail":"hligon@getsparqd.com","userId":"5b10576b-4201-4eab-87c0-11adc3cbccd0"}
{"ip":"::1","level":"info","message":"request","method":"POST","ms":2883,"path":"/api/support/message","status":200,"timestamp":"2026-01-23T12:59:45.972Z","userEmail":"hligon@getsparqd.com","userId":"5b10576b-4201-4eab-87c0-11adc3cbccd0"}
{"ip":"::1","level":"info","message":"request","method":"POST","ms":2316,"path":"/api/support/message","status":200,"timestamp":"2026-01-23T13:00:17.812Z","userEmail":"hligon@getsparqd.com","userId":"5b10576b-4201-4eab-87c0-11adc3cbccd0"}
{"ip":"::ffff:127.0.0.1","level":"info","message":"request","method":"GET","ms":12,"path":"/api/csrf","status":401,"timestamp":"2026-01-23T13:07:39.716Z","userEmail":null,"userId":null}
{"ip":"::ffff:127.0.0.1","level":"info","message":"request","method":"POST","ms":419,"path":"/api/auth/login","status":200,"timestamp":"2026-01-23T13:07:40.172Z","userEmail":"admin@example.com","userId":"bfe847c7-1d9f-4ddf-a396-342f0198a133"}
{"ip":"::ffff:127.0.0.1","level":"info","message":"request","method":"GET","ms":16,"path":"/api/csrf","status":200,"timestamp":"2026-01-23T13:07:40.197Z","userEmail":"admin@example.com","userId":"bfe847c7-1d9f-4ddf-a396-342f0198a133"}
{"ip":"::ffff:127.0.0.1","level":"info","message":"request","method":"POST","ms":24,"path":"/api/announcements","status":403,"timestamp":"2026-01-23T13:07:40.236Z","userEmail":"admin@example.com","userId":"bfe847c7-1d9f-4ddf-a396-342f0198a133"}
{"ip":"::ffff:127.0.0.1","level":"info","message":"request","method":"POST","ms":19,"path":"/api/announcements","status":200,"timestamp":"2026-01-23T13:07:40.261Z","userEmail":"admin@example.com","userId":"bfe847c7-1d9f-4ddf-a396-342f0198a133"}
{"actor":"support-emailer@test","level":"info","message":"support_email_disabled","subject":"Test","timestamp":"2026-01-23T13:07:40.275Z"}
{"ip":"::ffff:127.0.0.1","level":"info","message":"request","method":"POST","ms":5,"path":"/api/support/message","status":200,"timestamp":"2026-01-23T13:07:40.279Z","userEmail":null,"userId":null}
{"ip":"::1","level":"info","message":"request","method":"GET","ms":28,"path":"/admin/","status":200,"timestamp":"2026-01-23T13:08:19.206Z","userEmail":"hligon@getsparqd.com","userId":"5b10576b-4201-4eab-87c0-11adc3cbccd0"}
{"ip":"::1","level":"info","message":"request","method":"GET","ms":100,"path":"/Icons/favicon.png","status":200,"timestamp":"2026-01-23T13:08:19.345Z","userEmail":"hligon@getsparqd.com","userId":"5b10576b-4201-4eab-87c0-11adc3cbccd0"}
{"ip":"::1","level":"info","message":"request","method":"GET","ms":135,"path":"/admin/admin.css?v=20260123","status":200,"timestamp":"2026-01-23T13:08:19.379Z","userEmail":"hligon@getsparqd.com","userId":"5b10576b-4201-4eab-87c0-11adc3cbccd0"}
{"ip":"::1","level":"info","message":"request","method":"GET","ms":161,"path":"/admin/admin.js?v=20260123","status":200,"timestamp":"2026-01-23T13:08:19.407Z","userEmail":"hligon@getsparqd.com","userId":"5b10576b-4201-4eab-87c0-11adc3cbccd0"}
{"ip":"::1","level":"info","message":"request","method":"GET","ms":15,"path":"/favicon.ico","status":404,"timestamp":"2026-01-23T13:08:19.672Z","userEmail":"hligon@getsparqd.com","userId":"5b10576b-4201-4eab-87c0-11adc3cbccd0"}
{"ip":"::1","level":"info","message":"request","method":"GET","ms":600,"path":"/api/gallery/r2tree?prefix=gallery%2F&limit=1000","status":200,"timestamp":"2026-01-23T13:08:20.020Z","userEmail":"hligon@getsparqd.com","userId":"5b10576b-4201-4eab-87c0-11adc3cbccd0"}
{"ip":"::1","level":"info","message":"request","method":"POST","ms":453,"path":"/api/auth/login","status":200,"timestamp":"2026-01-23T13:08:28.864Z","userEmail":"hligon@getsparqd.com","userId":"5b10576b-4201-4eab-87c0-11adc3cbccd0"}
{"ip":"::1","level":"info","message":"request","method":"GET","ms":19,"path":"/api/csrf","status":200,"timestamp":"2026-01-23T13:08:28.892Z","userEmail":"hligon@getsparqd.com","userId":"5b10576b-4201-4eab-87c0-11adc3cbccd0"}
{"ip":"::1","level":"info","message":"request","method":"GET","ms":22,"path":"/api/me","status":304,"timestamp":"2026-01-23T13:08:28.919Z","userEmail":"hligon@getsparqd.com","userId":"5b10576b-4201-4eab-87c0-11adc3cbccd0"}
{"ip":"::1","level":"info","message":"request","method":"GET","ms":31,"path":"/api/csrf","status":200,"timestamp":"2026-01-23T13:08:28.957Z","userEmail":"hligon@getsparqd.com","userId":"5b10576b-4201-4eab-87c0-11adc3cbccd0"}
{"ip":"::1","level":"info","message":"request","method":"GET","ms":24,"path":"/api/announcements","status":304,"timestamp":"2026-01-23T13:08:28.993Z","userEmail":"hligon@getsparqd.com","userId":"5b10576b-4201-4eab-87c0-11adc3cbccd0"}
{"ip":"::1","level":"info","message":"request","method":"GET","ms":33,"path":"/api/bulletins","status":304,"timestamp":"2026-01-23T13:08:29.005Z","userEmail":"hligon@getsparqd.com","userId":"5b10576b-4201-4eab-87c0-11adc3cbccd0"}
{"ip":"::1","level":"info","message":"request","method":"GET","ms":48,"path":"/api/events","status":304,"timestamp":"2026-01-23T13:08:29.019Z","userEmail":"hligon@getsparqd.com","userId":"5b10576b-4201-4eab-87c0-11adc3cbccd0"}
{"ip":"::1","level":"info","message":"request","method":"GET","ms":63,"path":"/api/finances","status":304,"timestamp":"2026-01-23T13:08:29.036Z","userEmail":"hligon@getsparqd.com","userId":"5b10576b-4201-4eab-87c0-11adc3cbccd0"}
{"ip":"::1","level":"info","message":"request","method":"GET","ms":444,"path":"/api/gallery","status":200,"timestamp":"2026-01-23T13:08:29.412Z","userEmail":"hligon@getsparqd.com","userId":"5b10576b-4201-4eab-87c0-11adc3cbccd0"}
{"ip":"::1","level":"info","message":"request","method":"GET","ms":369,"path":"/api/gallery/r2tree?prefix=gallery%2F&limit=1000","status":200,"timestamp":"2026-01-23T13:08:29.872Z","userEmail":"hligon@getsparqd.com","userId":"5b10576b-4201-4eab-87c0-11adc3cbccd0"}
{"enforceHttps":false,"host":null,"level":"info","message":"server_started","port":8787,"timestamp":"2026-01-23T13:08:57.579Z","trustProxy":false}
{"ip":"::1","level":"info","message":"request","method":"GET","ms":31,"path":"/admin/","status":200,"timestamp":"2026-01-23T13:09:00.829Z","userEmail":null,"userId":null}
{"ip":"::1","level":"info","message":"request","method":"GET","ms":5,"path":"/admin/admin.css?v=20260123","status":200,"timestamp":"2026-01-23T13:09:01.299Z","userEmail":null,"userId":null}
{"ip":"::1","level":"info","message":"request","method":"GET","ms":18,"path":"/admin/admin.js?v=20260123","status":200,"timestamp":"2026-01-23T13:09:01.342Z","userEmail":null,"userId":null}
{"ip":"::1","level":"info","message":"request","method":"GET","ms":3,"path":"/Icons/favicon.png","status":304,"timestamp":"2026-01-23T13:09:01.380Z","userEmail":null,"userId":null}
{"ip":"::1","level":"info","message":"request","method":"GET","ms":25,"path":"/api/gallery/r2tree?prefix=gallery%2F&limit=1000","status":401,"timestamp":"2026-01-23T13:09:01.585Z","userEmail":null,"userId":null}
{"ip":"::1","level":"info","message":"request","method":"GET","ms":20,"path":"/favicon.ico","status":404,"timestamp":"2026-01-23T13:09:02.573Z","userEmail":null,"userId":null}
{"ip":"::1","level":"info","message":"request","method":"GET","ms":46,"path":"/admin/admin.css?v=20260123","status":200,"timestamp":"2026-01-23T13:09:24.675Z","userEmail":null,"userId":null}
{"ip":"::1","level":"info","message":"request","method":"GET","ms":267,"path":"/.well-known/appspecific/com.chrome.devtools.json","status":404,"timestamp":"2026-01-23T13:09:24.962Z","userEmail":null,"userId":null}
{"ip":"::1","level":"info","message":"request","method":"POST","ms":114,"path":"/api/auth/login","status":401,"timestamp":"2026-01-23T13:10:02.894Z","userEmail":null,"userId":null}
{"ip":"::1","level":"info","message":"request","method":"POST","ms":491,"path":"/api/auth/login","status":200,"timestamp":"2026-01-23T13:10:10.255Z","userEmail":"hligon@getsparqd.com","userId":"5b10576b-4201-4eab-87c0-11adc3cbccd0"}
{"ip":"::1","level":"info","message":"request","method":"GET","ms":34,"path":"/api/csrf","status":200,"timestamp":"2026-01-23T13:10:10.294Z","userEmail":"hligon@getsparqd.com","userId":"5b10576b-4201-4eab-87c0-11adc3cbccd0"}
{"ip":"::1","level":"info","message":"request","method":"GET","ms":34,"path":"/api/me","status":304,"timestamp":"2026-01-23T13:10:10.346Z","userEmail":"hligon@getsparqd.com","userId":"5b10576b-4201-4eab-87c0-11adc3cbccd0"}
{"ip":"::1","level":"info","message":"request","method":"GET","ms":45,"path":"/api/csrf","status":200,"timestamp":"2026-01-23T13:10:10.403Z","userEmail":"hligon@getsparqd.com","userId":"5b10576b-4201-4eab-87c0-11adc3cbccd0"}
{"ip":"::1","level":"info","message":"request","method":"GET","ms":95,"path":"/api/events","status":304,"timestamp":"2026-01-23T13:10:10.506Z","userEmail":"hligon@getsparqd.com","userId":"5b10576b-4201-4eab-87c0-11adc3cbccd0"}
{"ip":"::1","level":"info","message":"request","method":"GET","ms":159,"path":"/api/bulletins","status":304,"timestamp":"2026-01-23T13:10:10.571Z","userEmail":"hligon@getsparqd.com","userId":"5b10576b-4201-4eab-87c0-11adc3cbccd0"}
{"ip":"::1","level":"info","message":"request","method":"GET","ms":175,"path":"/api/announcements","status":304,"timestamp":"2026-01-23T13:10:10.588Z","userEmail":"hligon@getsparqd.com","userId":"5b10576b-4201-4eab-87c0-11adc3cbccd0"}
{"ip":"::1","level":"info","message":"request","method":"GET","ms":209,"path":"/api/finances","status":304,"timestamp":"2026-01-23T13:10:10.622Z","userEmail":"hligon@getsparqd.com","userId":"5b10576b-4201-4eab-87c0-11adc3cbccd0"}
{"ip":"::1","level":"info","message":"request","method":"GET","ms":379,"path":"/api/gallery","status":200,"timestamp":"2026-01-23T13:10:10.789Z","userEmail":"hligon@getsparqd.com","userId":"5b10576b-4201-4eab-87c0-11adc3cbccd0"}
{"ip":"::1","level":"info","message":"request","method":"GET","ms":512,"path":"/api/gallery/r2tree?prefix=gallery%2F&limit=1000","status":200,"timestamp":"2026-01-23T13:10:11.412Z","userEmail":"hligon@getsparqd.com","userId":"5b10576b-4201-4eab-87c0-11adc3cbccd0"}
{"ip":"::1","level":"info","message":"request","method":"GET","ms":279,"path":"/api/gallery/r2tree?prefix=gallery%2F2024-10%2F&limit=1000","status":200,"timestamp":"2026-01-23T13:10:22.523Z","userEmail":"hligon@getsparqd.com","userId":"5b10576b-4201-4eab-87c0-11adc3cbccd0"}
{"ip":"::1","level":"info","message":"request","method":"GET","ms":420,"path":"/cdn/gallery/gallery/2024-10/2026-01-22_6th-Street-Missionary-Baptist-Church_31f2b3cb-e3dd-48c7-83c9-8a799d3dc9b2.jpg","status":200,"timestamp":"2026-01-23T13:10:33.211Z","userEmail":"hligon@getsparqd.com","userId":"5b10576b-4201-4eab-87c0-11adc3cbccd0"}
{"ip":"::ffff:127.0.0.1","level":"info","message":"request","method":"GET","ms":23,"path":"/api/csrf","status":401,"timestamp":"2026-01-23T13:14:03.703Z","userEmail":null,"userId":null}
{"ip":"::ffff:127.0.0.1","level":"info","message":"request","method":"POST","ms":434,"path":"/api/auth/login","status":200,"timestamp":"2026-01-23T13:14:04.163Z","userEmail":"admin@example.com","userId":"0b2c8ddf-5d5b-45e1-81d7-a0e889e022fa"}
{"ip":"::ffff:127.0.0.1","level":"info","message":"request","method":"GET","ms":14,"path":"/api/csrf","status":200,"timestamp":"2026-01-23T13:14:04.186Z","userEmail":"admin@example.com","userId":"0b2c8ddf-5d5b-45e1-81d7-a0e889e022fa"}
{"ip":"::ffff:127.0.0.1","level":"info","message":"request","method":"POST","ms":18,"path":"/api/announcements","status":403,"timestamp":"2026-01-23T13:14:04.219Z","userEmail":"admin@example.com","userId":"0b2c8ddf-5d5b-45e1-81d7-a0e889e022fa"}
{"ip":"::ffff:127.0.0.1","level":"info","message":"request","method":"POST","ms":19,"path":"/api/announcements","status":200,"timestamp":"2026-01-23T13:14:04.244Z","userEmail":"admin@example.com","userId":"0b2c8ddf-5d5b-45e1-81d7-a0e889e022fa"}
{"actor":"support-emailer@test","level":"info","message":"support_email_disabled","subject":"Test","timestamp":"2026-01-23T13:14:04.270Z"}
{"ip":"::ffff:127.0.0.1","level":"info","message":"request","method":"POST","ms":5,"path":"/api/support/message","status":200,"timestamp":"2026-01-23T13:14:04.274Z","userEmail":null,"userId":null}
{"enforceHttps":false,"host":null,"level":"info","message":"server_started","port":8787,"timestamp":"2026-01-23T13:15:00.362Z","trustProxy":false}
{"ip":"::1","level":"info","message":"request","method":"GET","ms":129,"path":"/admin/","status":200,"timestamp":"2026-01-23T13:15:03.705Z","userEmail":null,"userId":null}
{"ip":"::1","level":"info","message":"request","method":"GET","ms":34,"path":"/Icons/favicon.png","status":304,"timestamp":"2026-01-23T13:15:03.859Z","userEmail":null,"userId":null}
{"ip":"::1","level":"info","message":"request","method":"GET","ms":130,"path":"/admin/admin.css?v=20260123","status":200,"timestamp":"2026-01-23T13:15:03.939Z","userEmail":null,"userId":null}
{"ip":"::1","level":"info","message":"request","method":"GET","ms":205,"path":"/admin/admin.js?v=20260123","status":200,"timestamp":"2026-01-23T13:15:04.017Z","userEmail":null,"userId":null}
{"ip":"::1","level":"info","message":"request","method":"GET","ms":7,"path":"/favicon.ico","status":404,"timestamp":"2026-01-23T13:15:04.335Z","userEmail":null,"userId":null}
{"ip":"::1","level":"info","message":"request","method":"GET","ms":12,"path":"/admin/?email=hligon%40getsparqd.com&password=Zing%40r088","status":200,"timestamp":"2026-01-23T13:15:19.106Z","userEmail":null,"userId":null}
{"ip":"::1","level":"info","message":"request","method":"GET","ms":14,"path":"/Icons/favicon.png","status":304,"timestamp":"2026-01-23T13:15:19.210Z","userEmail":null,"userId":null}
{"ip":"::1","level":"info","message":"request","method":"GET","ms":69,"path":"/admin/admin.css?v=20260123","status":200,"timestamp":"2026-01-23T13:15:19.216Z","userEmail":null,"userId":null}
{"ip":"::1","level":"info","message":"request","method":"GET","ms":81,"path":"/admin/admin.js?v=20260123","status":200,"timestamp":"2026-01-23T13:15:19.273Z","userEmail":null,"userId":null}
{"ip":"::1","level":"info","message":"request","method":"GET","ms":17,"path":"/admin/admin.css?v=20260123","status":200,"timestamp":"2026-01-23T13:15:29.420Z","userEmail":null,"userId":null}
{"ip":"::1","level":"info","message":"request","method":"GET","ms":3,"path":"/.well-known/appspecific/com.chrome.devtools.json","status":404,"timestamp":"2026-01-23T13:15:29.457Z","userEmail":null,"userId":null}
{"ip":"::1","level":"info","message":"request","method":"GET","ms":5,"path":"/admin/?email=hligon%40getsparqd.com&password=Zing%40r088","status":200,"timestamp":"2026-01-23T13:15:46.212Z","userEmail":null,"userId":null}
{"ip":"::1","level":"info","message":"request","method":"GET","ms":12,"path":"/.well-known/appspecific/com.chrome.devtools.json","status":404,"timestamp":"2026-01-23T13:15:46.274Z","userEmail":null,"userId":null}
{"ip":"::1","level":"info","message":"request","method":"GET","ms":54,"path":"/Icons/favicon.png","status":304,"timestamp":"2026-01-23T13:15:46.324Z","userEmail":null,"userId":null}
{"ip":"::1","level":"info","message":"request","method":"GET","ms":162,"path":"/admin/admin.css?v=20260123","status":200,"timestamp":"2026-01-23T13:15:46.425Z","userEmail":null,"userId":null}
{"ip":"::1","level":"info","message":"request","method":"GET","ms":216,"path":"/admin/admin.js?v=20260123","status":200,"timestamp":"2026-01-23T13:15:46.479Z","userEmail":null,"userId":null}
{"ip":"::ffff:127.0.0.1","level":"info","message":"request","method":"GET","ms":10,"path":"/api/csrf","status":401,"timestamp":"2026-01-23T13:17:27.628Z","userEmail":null,"userId":null}
{"ip":"::ffff:127.0.0.1","level":"info","message":"request","method":"POST","ms":444,"path":"/api/auth/login","status":200,"timestamp":"2026-01-23T13:17:28.103Z","userEmail":"admin@example.com","userId":"d0e94ebc-3822-4868-abf8-2b4c9263a342"}
{"ip":"::ffff:127.0.0.1","level":"info","message":"request","method":"GET","ms":19,"path":"/api/csrf","status":200,"timestamp":"2026-01-23T13:17:28.129Z","userEmail":"admin@example.com","userId":"d0e94ebc-3822-4868-abf8-2b4c9263a342"}
{"ip":"::ffff:127.0.0.1","level":"info","message":"request","method":"POST","ms":20,"path":"/api/announcements","status":403,"timestamp":"2026-01-23T13:17:28.158Z","userEmail":"admin@example.com","userId":"d0e94ebc-3822-4868-abf8-2b4c9263a342"}
{"ip":"::ffff:127.0.0.1","level":"info","message":"request","method":"POST","ms":28,"path":"/api/announcements","status":200,"timestamp":"2026-01-23T13:17:28.199Z","userEmail":"admin@example.com","userId":"d0e94ebc-3822-4868-abf8-2b4c9263a342"}
{"actor":"support-emailer@test","level":"info","message":"support_email_disabled","subject":"Test","timestamp":"2026-01-23T13:17:28.226Z"}
{"ip":"::ffff:127.0.0.1","level":"info","message":"request","method":"POST","ms":6,"path":"/api/support/message","status":200,"timestamp":"2026-01-23T13:17:28.230Z","userEmail":null,"userId":null}
{"enforceHttps":false,"host":null,"level":"info","message":"server_started","port":8787,"timestamp":"2026-01-23T13:20:56.626Z","trustProxy":false}
{"ip":"::1","level":"info","message":"request","method":"GET","ms":256,"path":"/admin/","status":200,"timestamp":"2026-01-23T13:20:59.512Z","userEmail":null,"userId":null}
{"ip":"::1","level":"info","message":"request","method":"GET","ms":12,"path":"/Icons/favicon.png","status":304,"timestamp":"2026-01-23T13:20:59.625Z","userEmail":null,"userId":null}
{"ip":"::1","level":"info","message":"request","method":"GET","ms":67,"path":"/admin/admin.css?v=20260123","status":200,"timestamp":"2026-01-23T13:20:59.662Z","userEmail":null,"userId":null}
{"ip":"::1","level":"info","message":"request","method":"GET","ms":118,"path":"/admin/admin.js?v=20260123","status":200,"timestamp":"2026-01-23T13:20:59.714Z","userEmail":null,"userId":null}
{"ip":"::1","level":"info","message":"request","method":"GET","ms":175,"path":"/api/gallery/r2tree?prefix=gallery%2F&limit=1000","status":401,"timestamp":"2026-01-23T13:20:59.951Z","userEmail":null,"userId":null}
{"ip":"::1","level":"info","message":"request","method":"GET","ms":127,"path":"/favicon.ico","status":404,"timestamp":"2026-01-23T13:21:00.210Z","userEmail":null,"userId":null}
{"ip":"::1","level":"info","message":"request","method":"GET","ms":180,"path":"/admin/admin.css?v=20260123","status":200,"timestamp":"2026-01-23T13:21:05.760Z","userEmail":null,"userId":null}
{"ip":"::1","level":"info","message":"request","method":"GET","ms":252,"path":"/.well-known/appspecific/com.chrome.devtools.json","status":404,"timestamp":"2026-01-23T13:21:05.873Z","userEmail":null,"userId":null}
{"ip":"::1","level":"info","message":"request","method":"GET","ms":28,"path":"/admin/","status":200,"timestamp":"2026-01-23T13:21:11.674Z","userEmail":null,"userId":null}
{"ip":"::1","level":"info","message":"request","method":"GET","ms":94,"path":"/.well-known/appspecific/com.chrome.devtools.json","status":404,"timestamp":"2026-01-23T13:21:11.835Z","userEmail":null,"userId":null}
{"ip":"::1","level":"info","message":"request","method":"GET","ms":94,"path":"/Icons/favicon.png","status":304,"timestamp":"2026-01-23T13:21:11.855Z","userEmail":null,"userId":null}
{"ip":"::1","level":"info","message":"request","method":"GET","ms":138,"path":"/admin/admin.css?v=20260123","status":200,"timestamp":"2026-01-23T13:21:11.881Z","userEmail":null,"userId":null}
{"ip":"::1","level":"info","message":"request","method":"GET","ms":187,"path":"/admin/admin.js?v=20260123","status":200,"timestamp":"2026-01-23T13:21:11.941Z","userEmail":null,"userId":null}
{"ip":"::1","level":"info","message":"request","method":"GET","ms":45,"path":"/api/gallery/r2tree?prefix=gallery%2F&limit=1000","status":401,"timestamp":"2026-01-23T13:21:12.025Z","userEmail":null,"userId":null}
{"ip":"::ffff:127.0.0.1","level":"info","message":"request","method":"GET","ms":12,"path":"/api/csrf","status":401,"timestamp":"2026-01-23T13:44:52.208Z","userEmail":null,"userId":null}
{"ip":"::ffff:127.0.0.1","level":"info","message":"request","method":"POST","ms":435,"path":"/api/auth/login","status":200,"timestamp":"2026-01-23T13:44:52.672Z","userEmail":"admin@example.com","userId":"a593a98d-f040-409c-9048-9c0e7d5014bc"}
{"ip":"::ffff:127.0.0.1","level":"info","message":"request","method":"GET","ms":16,"path":"/api/csrf","status":200,"timestamp":"2026-01-23T13:44:52.696Z","userEmail":"admin@example.com","userId":"a593a98d-f040-409c-9048-9c0e7d5014bc"}
{"ip":"::ffff:127.0.0.1","level":"info","message":"request","method":"POST","ms":17,"path":"/api/announcements","status":403,"timestamp":"2026-01-23T13:44:52.722Z","userEmail":"admin@example.com","userId":"a593a98d-f040-409c-9048-9c0e7d5014bc"}
{"ip":"::ffff:127.0.0.1","level":"info","message":"request","method":"POST","ms":18,"path":"/api/announcements","status":200,"timestamp":"2026-01-23T13:44:52.747Z","userEmail":"admin@example.com","userId":"a593a98d-f040-409c-9048-9c0e7d5014bc"}
{"actor":"support-emailer@test","level":"info","message":"support_email_disabled","subject":"Test","timestamp":"2026-01-23T13:44:52.759Z"}
{"ip":"::ffff:127.0.0.1","level":"info","message":"request","method":"POST","ms":4,"path":"/api/support/message","status":200,"timestamp":"2026-01-23T13:44:52.762Z","userEmail":null,"userId":null}
