{"enforceHttps":false,"host":null,"level":"info","message":"server_started","port":8787,"timestamp":"2026-01-26T20:05:41.536Z","trustProxy":false}
{"ip":"::1","level":"info","message":"request","method":"GET","ms":29,"path":"/admin/","status":200,"timestamp":"2026-01-26T20:05:49.900Z","userEmail":null,"userId":null}
{"ip":"::1","level":"info","message":"request","method":"GET","ms":12,"path":"/Icons/favicon.png","status":200,"timestamp":"2026-01-26T20:05:50.001Z","userEmail":null,"userId":null}
{"ip":"::1","level":"info","message":"request","method":"GET","ms":149,"path":"/admin/admin.css?v=20260123","status":200,"timestamp":"2026-01-26T20:05:50.137Z","userEmail":null,"userId":null}
{"ip":"::1","level":"info","message":"request","method":"GET","ms":193,"path":"/admin/admin.js?v=20260123","status":200,"timestamp":"2026-01-26T20:05:50.184Z","userEmail":null,"userId":null}
{"ip":"::1","level":"info","message":"request","method":"GET","ms":40,"path":"/api/me","status":200,"timestamp":"2026-01-26T20:05:50.242Z","userEmail":null,"userId":null}
{"ip":"::1","level":"info","message":"request","method":"GET","ms":24,"path":"/favicon.ico","status":404,"timestamp":"2026-01-26T20:05:50.514Z","userEmail":null,"userId":null}
{"ip":"::1","level":"info","message":"request","method":"GET","ms":28,"path":"/api/access/status","status":404,"timestamp":"2026-01-26T20:05:56.777Z","userEmail":null,"userId":null}
{"ip":"::1","level":"info","message":"request","method":"GET","ms":37,"path":"/api/access/status","status":404,"timestamp":"2026-01-26T20:06:04.841Z","userEmail":null,"userId":null}
{"ip":"::1","level":"info","message":"request","method":"GET","ms":86,"path":"/login/","status":404,"timestamp":"2026-01-26T20:06:29.053Z","userEmail":null,"userId":null}
{"ip":"::1","level":"info","message":"request","method":"GET","ms":69,"path":"/","status":200,"timestamp":"2026-01-26T20:06:46.873Z","userEmail":null,"userId":null}
{"ip":"::1","level":"info","message":"request","method":"GET","ms":423,"path":"/schedule_app.css","status":200,"timestamp":"2026-01-26T20:06:47.413Z","userEmail":null,"userId":null}
{"ip":"::1","level":"info","message":"request","method":"GET","ms":498,"path":"/style.css","status":200,"timestamp":"2026-01-26T20:06:47.487Z","userEmail":null,"userId":null}
{"ip":"::1","level":"info","message":"request","method":"GET","ms":494,"path":"/ConImg/MtMoriahLogo-1.png","status":200,"timestamp":"2026-01-26T20:06:47.580Z","userEmail":null,"userId":null}
{"ip":"::1","level":"info","message":"request","method":"GET","ms":524,"path":"/script.js","status":200,"timestamp":"2026-01-26T20:06:47.645Z","userEmail":null,"userId":null}
{"ip":"::1","level":"info","message":"request","method":"GET","ms":543,"path":"/ConImg/Mt-Moriah-5.png","status":200,"timestamp":"2026-01-26T20:06:47.665Z","userEmail":null,"userId":null}
{"ip":"::1","level":"info","message":"request","method":"GET","ms":263,"path":"/announcements_ticker.js","status":200,"timestamp":"2026-01-26T20:06:47.687Z","userEmail":null,"userId":null}
{"ip":"::1","level":"info","message":"request","method":"GET","ms":622,"path":"/ConImg/SteveHarvey1.png","status":200,"timestamp":"2026-01-26T20:06:47.719Z","userEmail":null,"userId":null}
{"ip":"::1","level":"info","message":"request","method":"GET","ms":335,"path":"/ConImg/Mt-Moriah-1.png","status":200,"timestamp":"2026-01-26T20:06:47.751Z","userEmail":null,"userId":null}
{"ip":"::1","level":"info","message":"request","method":"GET","ms":288,"path":"/bulletins_widget.js","status":200,"timestamp":"2026-01-26T20:06:47.769Z","userEmail":null,"userId":null}
{"ip":"::1","level":"info","message":"request","method":"GET","ms":312,"path":"/schedule_app.js","status":200,"timestamp":"2026-01-26T20:06:47.813Z","userEmail":null,"userId":null}
{"ip":"::1","level":"info","message":"request","method":"GET","ms":330,"path":"/Icons/home.png","status":200,"timestamp":"2026-01-26T20:06:47.851Z","userEmail":null,"userId":null}
{"ip":"::1","level":"info","message":"request","method":"GET","ms":501,"path":"/ConImg/Mt-Moriah-4.png","status":200,"timestamp":"2026-01-26T20:06:47.867Z","userEmail":null,"userId":null}
{"ip":"::1","level":"info","message":"request","method":"GET","ms":283,"path":"/Icons/ministries.png","status":200,"timestamp":"2026-01-26T20:06:47.932Z","userEmail":null,"userId":null}
{"ip":"::1","level":"info","message":"request","method":"GET","ms":325,"path":"/Icons/leadership.png","status":200,"timestamp":"2026-01-26T20:06:47.981Z","userEmail":null,"userId":null}
{"ip":"::1","level":"info","message":"request","method":"GET","ms":316,"path":"/Icons/churchhistory.png","status":200,"timestamp":"2026-01-26T20:06:48.007Z","userEmail":null,"userId":null}
{"ip":"::1","level":"info","message":"request","method":"GET","ms":334,"path":"/Icons/facilityrental.png","status":200,"timestamp":"2026-01-26T20:06:48.041Z","userEmail":null,"userId":null}
{"ip":"::1","level":"info","message":"request","method":"GET","ms":415,"path":"/Icons/contactus.png","status":200,"timestamp":"2026-01-26T20:06:48.169Z","userEmail":null,"userId":null}
{"ip":"::1","level":"info","message":"request","method":"GET","ms":429,"path":"/Icons/address.png","status":200,"timestamp":"2026-01-26T20:06:48.203Z","userEmail":null,"userId":null}
{"ip":"::1","level":"info","message":"request","method":"GET","ms":445,"path":"/Icons/phone.png","status":200,"timestamp":"2026-01-26T20:06:48.233Z","userEmail":null,"userId":null}
{"ip":"::1","level":"info","message":"request","method":"GET","ms":439,"path":"/Icons/mailus.png","status":200,"timestamp":"2026-01-26T20:06:48.257Z","userEmail":null,"userId":null}
{"ip":"::1","level":"info","message":"request","method":"GET","ms":465,"path":"/site-settings.json","status":200,"timestamp":"2026-01-26T20:06:48.297Z","userEmail":null,"userId":null}
{"ip":"::1","level":"info","message":"request","method":"GET","ms":467,"path":"/announcements.json","status":200,"timestamp":"2026-01-26T20:06:48.321Z","userEmail":null,"userId":null}
{"ip":"::1","level":"info","message":"request","method":"GET","ms":718,"path":"/ConImg/Church.jpg","status":200,"timestamp":"2026-01-26T20:06:48.349Z","userEmail":null,"userId":null}
{"ip":"::1","level":"info","message":"request","method":"GET","ms":500,"path":"/bulletins.json","status":200,"timestamp":"2026-01-26T20:06:48.373Z","userEmail":null,"userId":null}
{"ip":"::1","level":"info","message":"request","method":"GET","ms":451,"path":"/schedule.json","status":200,"timestamp":"2026-01-26T20:06:48.390Z","userEmail":null,"userId":null}
{"ip":"::1","level":"info","message":"request","method":"GET","ms":402,"path":"/Icons/facebook.png","status":200,"timestamp":"2026-01-26T20:06:48.418Z","userEmail":null,"userId":null}
{"ip":"::1","level":"info","message":"request","method":"GET","ms":418,"path":"/Icons/youtube.png","status":200,"timestamp":"2026-01-26T20:06:48.467Z","userEmail":null,"userId":null}
{"ip":"::1","level":"info","message":"request","method":"GET","ms":34,"path":"/Icons/favicon.png","status":304,"timestamp":"2026-01-26T20:06:48.486Z","userEmail":null,"userId":null}
{"ip":"::1","level":"info","message":"request","method":"GET","ms":23,"path":"/ConImg/MtMoriahLogo-1.png","status":304,"timestamp":"2026-01-26T20:06:49.220Z","userEmail":null,"userId":null}
{"ip":"::1","level":"info","message":"request","method":"GET","ms":26,"path":"/admin/","status":200,"timestamp":"2026-01-26T20:06:58.300Z","userEmail":null,"userId":null}
{"ip":"::1","level":"info","message":"request","method":"GET","ms":83,"path":"/admin/admin.css?v=20260123","status":200,"timestamp":"2026-01-26T20:06:58.437Z","userEmail":null,"userId":null}
{"ip":"::1","level":"info","message":"request","method":"GET","ms":88,"path":"/Icons/favicon.png","status":304,"timestamp":"2026-01-26T20:06:58.462Z","userEmail":null,"userId":null}
{"ip":"::1","level":"info","message":"request","method":"GET","ms":146,"path":"/admin/admin.js?v=20260123","status":200,"timestamp":"2026-01-26T20:06:58.503Z","userEmail":null,"userId":null}
{"ip":"::1","level":"info","message":"request","method":"GET","ms":28,"path":"/api/me","status":304,"timestamp":"2026-01-26T20:06:58.548Z","userEmail":null,"userId":null}
{"enforceHttps":false,"host":null,"level":"info","message":"server_started","port":8787,"timestamp":"2026-01-26T20:20:10.627Z","trustProxy":false}
{"ip":"::1","level":"info","message":"request","method":"GET","ms":211,"path":"/admin/","status":200,"timestamp":"2026-01-26T20:20:36.890Z","userEmail":null,"userId":null}
{"ip":"::1","level":"info","message":"request","method":"GET","ms":64,"path":"/admin/admin.css?v=20260123","status":200,"timestamp":"2026-01-26T20:20:37.200Z","userEmail":null,"userId":null}
{"ip":"::1","level":"info","message":"request","method":"GET","ms":51,"path":"/Icons/favicon.png","status":304,"timestamp":"2026-01-26T20:20:37.282Z","userEmail":null,"userId":null}
{"ip":"::1","level":"info","message":"request","method":"GET","ms":178,"path":"/admin/admin.js?v=20260123","status":200,"timestamp":"2026-01-26T20:20:37.417Z","userEmail":null,"userId":null}
{"ip":"::1","level":"info","message":"request","method":"GET","ms":61,"path":"/api/me","status":304,"timestamp":"2026-01-26T20:20:37.525Z","userEmail":null,"userId":null}
{"ip":"::1","level":"info","message":"request","method":"GET","ms":74,"path":"/favicon.ico","status":404,"timestamp":"2026-01-26T20:20:37.853Z","userEmail":null,"userId":null}
{"ip":"::1","level":"info","message":"request","method":"GET","ms":23,"path":"/api/access/status","status":404,"timestamp":"2026-01-26T20:20:46.156Z","userEmail":null,"userId":null}
