{"at":"2026-01-23T05:12:13.026Z","email":"admin@example.com","ip":"::ffff:127.0.0.1","level":"info","message":"auth_login_success","timestamp":"2026-01-23T05:12:13.027Z","userId":"e5b26fbf-bab9-4951-8ac1-dbbf2772001f"}
{"at":"2026-01-23T05:12:13.226Z","bodyKeys":["email"],"level":"info","message":"admin_action","method":"POST","ms":585,"path":"/api/auth/login","status":200,"timestamp":"2026-01-23T05:12:13.227Z","userEmail":"admin@example.com","userId":"e5b26fbf-bab9-4951-8ac1-dbbf2772001f"}
{"at":"2026-01-23T05:12:13.282Z","ip":"::ffff:127.0.0.1","level":"info","message":"csrf_rejected","path":"/api/announcements","timestamp":"2026-01-23T05:12:13.282Z"}
{"at":"2026-01-23T05:12:13.319Z","bodyKeys":["title","body"],"level":"info","message":"admin_action","method":"POST","ms":16,"path":"/api/announcements","status":200,"timestamp":"2026-01-23T05:12:13.319Z","userEmail":"admin@example.com","userId":"e5b26fbf-bab9-4951-8ac1-dbbf2772001f"}
{"at":"2026-01-23T05:13:20.503Z","email":"hliogn@getsparqd.com","ip":"::1","level":"info","message":"auth_login_failed","reason":"no_user","timestamp":"2026-01-23T05:13:20.503Z"}
{"at":"2026-01-23T05:13:20.527Z","bodyKeys":["email"],"level":"info","message":"admin_action","method":"POST","ms":27,"path":"/api/auth/login","status":401,"timestamp":"2026-01-23T05:13:20.530Z","userEmail":"hligon@getsparqd.com","userId":"5b10576b-4201-4eab-87c0-11adc3cbccd0"}
{"at":"2026-01-23T05:13:30.288Z","email":"hligon@getsparqd.com","ip":"::1","level":"info","message":"auth_login_success","timestamp":"2026-01-23T05:13:30.288Z","userId":"5b10576b-4201-4eab-87c0-11adc3cbccd0"}
{"at":"2026-01-23T05:13:30.322Z","bodyKeys":["email"],"level":"info","message":"admin_action","method":"POST","ms":450,"path":"/api/auth/login","status":200,"timestamp":"2026-01-23T05:13:30.322Z","userEmail":"hligon@getsparqd.com","userId":"5b10576b-4201-4eab-87c0-11adc3cbccd0"}
{"at":"2026-01-23T05:13:57.890Z","bodyKeys":["subject","message","replyTo"],"level":"info","message":"admin_action","method":"POST","ms":3440,"path":"/api/support/message","status":200,"timestamp":"2026-01-23T05:13:57.890Z","userEmail":"hligon@getsparqd.com","userId":"5b10576b-4201-4eab-87c0-11adc3cbccd0"}
{"at":"2026-01-23T05:16:55.333Z","bodyKeys":["subject","message","replyTo"],"level":"info","message":"admin_action","method":"POST","ms":1993,"path":"/api/support/message","status":200,"timestamp":"2026-01-23T05:16:55.334Z","userEmail":"hligon@getsparqd.com","userId":"5b10576b-4201-4eab-87c0-11adc3cbccd0"}
{"at":"2026-01-23T05:20:12.893Z","email":"hlgion@getsparqd.com","ip":"::1","level":"info","message":"auth_login_failed","reason":"no_user","timestamp":"2026-01-23T05:20:12.893Z"}
{"at":"2026-01-23T05:20:21.575Z","email":"hligon@getsparqd.com","ip":"::1","level":"info","message":"auth_login_success","timestamp":"2026-01-23T05:20:21.575Z","userId":"5b10576b-4201-4eab-87c0-11adc3cbccd0"}
{"at":"2026-01-23T05:20:21.603Z","bodyKeys":["email"],"level":"info","message":"admin_action","method":"POST","ms":465,"path":"/api/auth/login","status":200,"timestamp":"2026-01-23T05:20:21.603Z","userEmail":"hligon@getsparqd.com","userId":"5b10576b-4201-4eab-87c0-11adc3cbccd0"}
{"at":"2026-01-23T05:20:31.709Z","bodyKeys":["subject","message","replyTo"],"level":"info","message":"admin_action","method":"POST","ms":3401,"path":"/api/support/message","status":200,"timestamp":"2026-01-23T05:20:31.709Z","userEmail":"hligon@getsparqd.com","userId":"5b10576b-4201-4eab-87c0-11adc3cbccd0"}
{"at":"2026-01-23T05:23:50.355Z","email":"admin@example.com","ip":"::ffff:127.0.0.1","level":"info","message":"auth_login_success","timestamp":"2026-01-23T05:23:50.355Z","userId":"6c857b36-9026-492e-9065-0af928dde7eb"}
{"at":"2026-01-23T05:23:50.397Z","bodyKeys":["email"],"level":"info","message":"admin_action","method":"POST","ms":393,"path":"/api/auth/login","status":200,"timestamp":"2026-01-23T05:23:50.397Z","userEmail":"admin@example.com","userId":"6c857b36-9026-492e-9065-0af928dde7eb"}
{"at":"2026-01-23T05:23:50.433Z","ip":"::ffff:127.0.0.1","level":"info","message":"csrf_rejected","path":"/api/announcements","timestamp":"2026-01-23T05:23:50.433Z"}
{"at":"2026-01-23T05:23:50.488Z","bodyKeys":["title","body"],"level":"info","message":"admin_action","method":"POST","ms":20,"path":"/api/announcements","status":200,"timestamp":"2026-01-23T05:23:50.488Z","userEmail":"admin@example.com","userId":"6c857b36-9026-492e-9065-0af928dde7eb"}
{"at":"2026-01-23T05:24:33.763Z","email":"hligon@getsparqd.com","ip":"::1","level":"info","message":"auth_login_success","timestamp":"2026-01-23T05:24:33.763Z","userId":"5b10576b-4201-4eab-87c0-11adc3cbccd0"}
{"at":"2026-01-23T05:24:33.783Z","bodyKeys":["email"],"level":"info","message":"admin_action","method":"POST","ms":480,"path":"/api/auth/login","status":200,"timestamp":"2026-01-23T05:24:33.783Z","userEmail":"hligon@getsparqd.com","userId":"5b10576b-4201-4eab-87c0-11adc3cbccd0"}
{"at":"2026-01-23T05:24:50.509Z","bodyKeys":["subject","message","replyTo"],"level":"info","message":"admin_action","method":"POST","ms":4886,"path":"/api/support/message","status":200,"timestamp":"2026-01-23T05:24:50.509Z","userEmail":"hligon@getsparqd.com","userId":"5b10576b-4201-4eab-87c0-11adc3cbccd0"}
{"at":"2026-01-23T05:26:05.279Z","email":"hligon@getsparqd.com","ip":"::1","level":"info","message":"auth_login_failed","reason":"bad_password","timestamp":"2026-01-23T05:26:05.280Z"}
{"at":"2026-01-23T05:26:14.051Z","email":"hligon@getsparqd.com","ip":"::1","level":"info","message":"auth_login_success","timestamp":"2026-01-23T05:26:14.051Z","userId":"5b10576b-4201-4eab-87c0-11adc3cbccd0"}
{"at":"2026-01-23T05:26:14.068Z","bodyKeys":["email"],"level":"info","message":"admin_action","method":"POST","ms":416,"path":"/api/auth/login","status":200,"timestamp":"2026-01-23T05:26:14.069Z","userEmail":"hligon@getsparqd.com","userId":"5b10576b-4201-4eab-87c0-11adc3cbccd0"}
{"at":"2026-01-23T05:26:24.604Z","bodyKeys":["subject","message","replyTo"],"level":"info","message":"admin_action","method":"POST","ms":3890,"path":"/api/support/message","status":200,"timestamp":"2026-01-23T05:26:24.605Z","userEmail":"hligon@getsparqd.com","userId":"5b10576b-4201-4eab-87c0-11adc3cbccd0"}
