{"at":"2026-01-22T16:24:15.246Z","email":"hligon@getsparqd.com","ip":"::1","level":"info","message":"auth_login_success","timestamp":"2026-01-22T16:24:15.246Z","userId":"5b10576b-4201-4eab-87c0-11adc3cbccd0"}
{"at":"2026-01-22T16:24:15.269Z","bodyKeys":["email"],"level":"info","message":"admin_action","method":"POST","ms":461,"path":"/api/auth/login","status":200,"timestamp":"2026-01-22T16:24:15.269Z","userEmail":"hligon@getsparqd.com","userId":"5b10576b-4201-4eab-87c0-11adc3cbccd0"}
{"at":"2026-01-22T16:41:34.706Z","email":"hligon@getsparqd.com","ip":"::1","level":"info","message":"auth_login_success","timestamp":"2026-01-22T16:41:34.706Z","userId":"5b10576b-4201-4eab-87c0-11adc3cbccd0"}
{"at":"2026-01-22T16:41:34.726Z","bodyKeys":["email"],"level":"info","message":"admin_action","method":"POST","ms":395,"path":"/api/auth/login","status":200,"timestamp":"2026-01-22T16:41:34.726Z","userEmail":"hligon@getsparqd.com","userId":"5b10576b-4201-4eab-87c0-11adc3cbccd0"}
{"at":"2026-01-22T16:42:08.164Z","bodyKeys":["title","date","time"],"level":"info","message":"admin_action","method":"PUT","ms":37,"path":"/api/events/9e80df69e46222b7","status":200,"timestamp":"2026-01-22T16:42:08.164Z","userEmail":"hligon@getsparqd.com","userId":"5b10576b-4201-4eab-87c0-11adc3cbccd0"}
{"at":"2026-01-22T16:43:36.405Z","email":"hligon@getsparqd.com","ip":"::1","level":"info","message":"auth_login_success","timestamp":"2026-01-22T16:43:36.405Z","userId":"5b10576b-4201-4eab-87c0-11adc3cbccd0"}
{"at":"2026-01-22T16:43:36.426Z","bodyKeys":["email"],"level":"info","message":"admin_action","method":"POST","ms":451,"path":"/api/auth/login","status":200,"timestamp":"2026-01-22T16:43:36.426Z","userEmail":"hligon@getsparqd.com","userId":"5b10576b-4201-4eab-87c0-11adc3cbccd0"}
{"at":"2026-01-22T16:55:13.851Z","email":"hligon@getsparqd.com","ip":"::1","level":"info","message":"auth_login_success","timestamp":"2026-01-22T16:55:13.851Z","userId":"5b10576b-4201-4eab-87c0-11adc3cbccd0"}
{"at":"2026-01-22T16:55:13.874Z","bodyKeys":["email"],"level":"info","message":"admin_action","method":"POST","ms":479,"path":"/api/auth/login","status":200,"timestamp":"2026-01-22T16:55:13.874Z","userEmail":"hligon@getsparqd.com","userId":"5b10576b-4201-4eab-87c0-11adc3cbccd0"}
{"at":"2026-01-22T16:55:49.091Z","bodyKeys":[],"level":"info","message":"admin_action","method":"DELETE","ms":42,"path":"/api/events/9e80df69e46222b7","status":200,"timestamp":"2026-01-22T16:55:49.092Z","userEmail":"hligon@getsparqd.com","userId":"5b10576b-4201-4eab-87c0-11adc3cbccd0"}
{"at":"2026-01-22T16:55:54.727Z","bodyKeys":[],"level":"info","message":"admin_action","method":"DELETE","ms":34,"path":"/api/events/5a763cc5cc8bf27e","status":200,"timestamp":"2026-01-22T16:55:54.728Z","userEmail":"hligon@getsparqd.com","userId":"5b10576b-4201-4eab-87c0-11adc3cbccd0"}
{"at":"2026-01-22T16:55:57.759Z","bodyKeys":[],"level":"info","message":"admin_action","method":"DELETE","ms":46,"path":"/api/events/809e7c0800e67c47","status":200,"timestamp":"2026-01-22T16:55:57.759Z","userEmail":"hligon@getsparqd.com","userId":"5b10576b-4201-4eab-87c0-11adc3cbccd0"}
{"at":"2026-01-22T16:55:59.515Z","bodyKeys":[],"level":"info","message":"admin_action","method":"DELETE","ms":38,"path":"/api/events/f75dbc2388438a38","status":200,"timestamp":"2026-01-22T16:55:59.516Z","userEmail":"hligon@getsparqd.com","userId":"5b10576b-4201-4eab-87c0-11adc3cbccd0"}
{"at":"2026-01-22T16:56:02.091Z","bodyKeys":[],"level":"info","message":"admin_action","method":"DELETE","ms":25,"path":"/api/events/47720e0e08302c01","status":200,"timestamp":"2026-01-22T16:56:02.091Z","userEmail":"hligon@getsparqd.com","userId":"5b10576b-4201-4eab-87c0-11adc3cbccd0"}
{"at":"2026-01-22T16:56:06.481Z","bodyKeys":[],"level":"info","message":"admin_action","method":"DELETE","ms":37,"path":"/api/events/8cbb3ff1416962b3","status":200,"timestamp":"2026-01-22T16:56:06.481Z","userEmail":"hligon@getsparqd.com","userId":"5b10576b-4201-4eab-87c0-11adc3cbccd0"}
{"at":"2026-01-22T18:14:44.599Z","email":"hligon@getsparqd.com","ip":"::1","level":"info","message":"auth_login_success","timestamp":"2026-01-22T18:14:44.599Z","userId":"5b10576b-4201-4eab-87c0-11adc3cbccd0"}
{"at":"2026-01-22T18:14:44.631Z","bodyKeys":["email"],"level":"info","message":"admin_action","method":"POST","ms":485,"path":"/api/auth/login","status":200,"timestamp":"2026-01-22T18:14:44.631Z","userEmail":"hligon@getsparqd.com","userId":"5b10576b-4201-4eab-87c0-11adc3cbccd0"}
{"at":"2026-01-22T18:33:22.423Z","email":"hligon@getsparqd.com","ip":"::1","level":"info","message":"auth_login_success","timestamp":"2026-01-22T18:33:22.423Z","userId":"5b10576b-4201-4eab-87c0-11adc3cbccd0"}
{"at":"2026-01-22T18:33:22.439Z","bodyKeys":["email"],"level":"info","message":"admin_action","method":"POST","ms":375,"path":"/api/auth/login","status":200,"timestamp":"2026-01-22T18:33:22.439Z","userEmail":"hligon@getsparqd.com","userId":"5b10576b-4201-4eab-87c0-11adc3cbccd0"}
{"at":"2026-01-22T18:38:17.207Z","email":"hligon@getsparqd.com","ip":"::1","level":"info","message":"auth_login_success","timestamp":"2026-01-22T18:38:17.207Z","userId":"5b10576b-4201-4eab-87c0-11adc3cbccd0"}
{"at":"2026-01-22T18:38:17.226Z","bodyKeys":["email"],"level":"info","message":"admin_action","method":"POST","ms":483,"path":"/api/auth/login","status":200,"timestamp":"2026-01-22T18:38:17.226Z","userEmail":"hligon@getsparqd.com","userId":"5b10576b-4201-4eab-87c0-11adc3cbccd0"}
{"at":"2026-01-22T18:42:23.576Z","email":"hligon@getsparqd.com","ip":"::1","level":"info","message":"auth_login_success","timestamp":"2026-01-22T18:42:23.576Z","userId":"5b10576b-4201-4eab-87c0-11adc3cbccd0"}
{"at":"2026-01-22T18:42:23.591Z","bodyKeys":["email"],"level":"info","message":"admin_action","method":"POST","ms":477,"path":"/api/auth/login","status":200,"timestamp":"2026-01-22T18:42:23.591Z","userEmail":"hligon@getsparqd.com","userId":"5b10576b-4201-4eab-87c0-11adc3cbccd0"}
{"at":"2026-01-22T18:48:15.457Z","email":"hligon@getsparqd.com","ip":"::1","level":"info","message":"auth_login_success","timestamp":"2026-01-22T18:48:15.457Z","userId":"5b10576b-4201-4eab-87c0-11adc3cbccd0"}
{"at":"2026-01-22T18:48:15.472Z","bodyKeys":["email"],"level":"info","message":"admin_action","method":"POST","ms":427,"path":"/api/auth/login","status":200,"timestamp":"2026-01-22T18:48:15.473Z","userEmail":"hligon@getsparqd.com","userId":"5b10576b-4201-4eab-87c0-11adc3cbccd0"}
{"at":"2026-01-22T18:59:13.782Z","email":"hligon@getsparqd.com","ip":"::1","level":"info","message":"auth_login_success","timestamp":"2026-01-22T18:59:13.782Z","userId":"5b10576b-4201-4eab-87c0-11adc3cbccd0"}
{"at":"2026-01-22T18:59:13.799Z","bodyKeys":["email"],"level":"info","message":"admin_action","method":"POST","ms":487,"path":"/api/auth/login","status":200,"timestamp":"2026-01-22T18:59:13.799Z","userEmail":"hligon@getsparqd.com","userId":"5b10576b-4201-4eab-87c0-11adc3cbccd0"}
{"at":"2026-01-22T19:02:21.405Z","bodyKeys":["date","type","category","fund","method","amount","party","memo"],"level":"info","message":"admin_action","method":"POST","ms":31,"path":"/api/finances/entries","status":200,"timestamp":"2026-01-22T19:02:21.405Z","userEmail":"hligon@getsparqd.com","userId":"5b10576b-4201-4eab-87c0-11adc3cbccd0"}
{"at":"2026-01-22T19:04:18.560Z","bodyKeys":["date","type","category","fund","method","amount","party","memo"],"level":"info","message":"admin_action","method":"POST","ms":72,"path":"/api/finances/entries","status":200,"timestamp":"2026-01-22T19:04:18.560Z","userEmail":"hligon@getsparqd.com","userId":"5b10576b-4201-4eab-87c0-11adc3cbccd0"}
{"at":"2026-01-22T19:11:51.965Z","email":"hligon@getsparqd.com","ip":"::1","level":"info","message":"auth_login_success","timestamp":"2026-01-22T19:11:51.965Z","userId":"5b10576b-4201-4eab-87c0-11adc3cbccd0"}
{"at":"2026-01-22T19:11:51.989Z","bodyKeys":["email"],"level":"info","message":"admin_action","method":"POST","ms":413,"path":"/api/auth/login","status":200,"timestamp":"2026-01-22T19:11:51.989Z","userEmail":"hligon@getsparqd.com","userId":"5b10576b-4201-4eab-87c0-11adc3cbccd0"}
{"at":"2026-01-22T19:33:22.166Z","email":"hligon@getspaqd.com","ip":"::1","level":"info","message":"auth_login_failed","reason":"no_user","timestamp":"2026-01-22T19:33:22.166Z"}
{"at":"2026-01-22T19:33:22.196Z","bodyKeys":["email"],"level":"info","message":"admin_action","method":"POST","ms":30,"path":"/api/auth/login","status":401,"timestamp":"2026-01-22T19:33:22.196Z","userEmail":"hligon@getsparqd.com","userId":"5b10576b-4201-4eab-87c0-11adc3cbccd0"}
{"at":"2026-01-22T19:33:38.836Z","email":"hligon@getsparqd.com","ip":"::1","level":"info","message":"auth_login_success","timestamp":"2026-01-22T19:33:38.836Z","userId":"5b10576b-4201-4eab-87c0-11adc3cbccd0"}
{"at":"2026-01-22T19:33:38.859Z","bodyKeys":["email"],"level":"info","message":"admin_action","method":"POST","ms":464,"path":"/api/auth/login","status":200,"timestamp":"2026-01-22T19:33:38.859Z","userEmail":"hligon@getsparqd.com","userId":"5b10576b-4201-4eab-87c0-11adc3cbccd0"}
{"at":"2026-01-22T19:37:27.663Z","email":"admin@example.com","ip":"::ffff:127.0.0.1","level":"info","message":"auth_login_success","timestamp":"2026-01-22T19:37:27.663Z","userId":"726a237b-564d-4e59-89b1-e45e9f90aa98"}
{"at":"2026-01-22T19:37:27.704Z","bodyKeys":["email"],"level":"info","message":"admin_action","method":"POST","ms":424,"path":"/api/auth/login","status":200,"timestamp":"2026-01-22T19:37:27.704Z","userEmail":"admin@example.com","userId":"726a237b-564d-4e59-89b1-e45e9f90aa98"}
{"at":"2026-01-22T19:37:27.740Z","ip":"::ffff:127.0.0.1","level":"info","message":"csrf_rejected","path":"/api/announcements","timestamp":"2026-01-22T19:37:27.740Z"}
{"at":"2026-01-22T19:37:27.786Z","bodyKeys":["title","body"],"level":"info","message":"admin_action","method":"POST","ms":21,"path":"/api/announcements","status":200,"timestamp":"2026-01-22T19:37:27.786Z","userEmail":"admin@example.com","userId":"726a237b-564d-4e59-89b1-e45e9f90aa98"}
{"at":"2026-01-22T19:38:01.207Z","bodyKeys":["subject","message","replyTo"],"level":"info","message":"admin_action","method":"POST","ms":41,"path":"/api/support/message","status":404,"timestamp":"2026-01-22T19:38:01.207Z","userEmail":"hligon@getsparqd.com","userId":"5b10576b-4201-4eab-87c0-11adc3cbccd0"}
{"at":"2026-01-22T19:48:10.693Z","email":"hligon@getsparqd.com","ip":"::1","level":"info","message":"auth_login_success","timestamp":"2026-01-22T19:48:10.694Z","userId":"5b10576b-4201-4eab-87c0-11adc3cbccd0"}
{"at":"2026-01-22T19:48:10.707Z","bodyKeys":["email"],"level":"info","message":"admin_action","method":"POST","ms":470,"path":"/api/auth/login","status":200,"timestamp":"2026-01-22T19:48:10.707Z","userEmail":"hligon@getsparqd.com","userId":"5b10576b-4201-4eab-87c0-11adc3cbccd0"}
{"at":"2026-01-22T19:48:53.923Z","email":"hligon@getsparqd.com","ip":"::1","level":"info","message":"auth_login_success","timestamp":"2026-01-22T19:48:53.923Z","userId":"5b10576b-4201-4eab-87c0-11adc3cbccd0"}
{"at":"2026-01-22T19:48:53.940Z","bodyKeys":["email"],"level":"info","message":"admin_action","method":"POST","ms":461,"path":"/api/auth/login","status":200,"timestamp":"2026-01-22T19:48:53.940Z","userEmail":"hligon@getsparqd.com","userId":"5b10576b-4201-4eab-87c0-11adc3cbccd0"}
{"at":"2026-01-22T19:54:24.276Z","email":"hligon@getsparqd.com","ip":"::1","level":"info","message":"auth_login_success","timestamp":"2026-01-22T19:54:24.276Z","userId":"5b10576b-4201-4eab-87c0-11adc3cbccd0"}
{"at":"2026-01-22T19:54:24.292Z","bodyKeys":["email"],"level":"info","message":"admin_action","method":"POST","ms":462,"path":"/api/auth/login","status":200,"timestamp":"2026-01-22T19:54:24.292Z","userEmail":"hligon@getsparqd.com","userId":"5b10576b-4201-4eab-87c0-11adc3cbccd0"}
{"at":"2026-01-22T20:00:16.177Z","email":"admin@example.com","ip":"::ffff:127.0.0.1","level":"info","message":"auth_login_success","timestamp":"2026-01-22T20:00:16.177Z","userId":"d4b3462f-c262-4f72-be43-aeee65bcffa3"}
{"at":"2026-01-22T20:00:16.222Z","bodyKeys":["email"],"level":"info","message":"admin_action","method":"POST","ms":400,"path":"/api/auth/login","status":200,"timestamp":"2026-01-22T20:00:16.222Z","userEmail":"admin@example.com","userId":"d4b3462f-c262-4f72-be43-aeee65bcffa3"}
{"at":"2026-01-22T20:00:16.262Z","ip":"::ffff:127.0.0.1","level":"info","message":"csrf_rejected","path":"/api/announcements","timestamp":"2026-01-22T20:00:16.262Z"}
{"at":"2026-01-22T20:00:16.304Z","bodyKeys":["title","body"],"level":"info","message":"admin_action","method":"POST","ms":16,"path":"/api/announcements","status":200,"timestamp":"2026-01-22T20:00:16.304Z","userEmail":"admin@example.com","userId":"d4b3462f-c262-4f72-be43-aeee65bcffa3"}
{"at":"2026-01-22T20:01:16.522Z","email":"hligon@getsparqd.com","ip":"::1","level":"info","message":"auth_login_success","timestamp":"2026-01-22T20:01:16.522Z","userId":"5b10576b-4201-4eab-87c0-11adc3cbccd0"}
{"at":"2026-01-22T20:01:16.538Z","bodyKeys":["email"],"level":"info","message":"admin_action","method":"POST","ms":460,"path":"/api/auth/login","status":200,"timestamp":"2026-01-22T20:01:16.538Z","userEmail":"hligon@getsparqd.com","userId":"5b10576b-4201-4eab-87c0-11adc3cbccd0"}
{"at":"2026-01-22T20:03:54.612Z","email":"admin@example.com","ip":"::ffff:127.0.0.1","level":"info","message":"auth_login_success","timestamp":"2026-01-22T20:03:54.612Z","userId":"6deda05b-02ee-4765-8a1f-46d08e19837e"}
{"at":"2026-01-22T20:03:54.674Z","bodyKeys":["email"],"level":"info","message":"admin_action","method":"POST","ms":481,"path":"/api/auth/login","status":200,"timestamp":"2026-01-22T20:03:54.674Z","userEmail":"admin@example.com","userId":"6deda05b-02ee-4765-8a1f-46d08e19837e"}
{"at":"2026-01-22T20:03:54.712Z","ip":"::ffff:127.0.0.1","level":"info","message":"csrf_rejected","path":"/api/announcements","timestamp":"2026-01-22T20:03:54.713Z"}
{"at":"2026-01-22T20:03:54.773Z","bodyKeys":["title","body"],"level":"info","message":"admin_action","method":"POST","ms":29,"path":"/api/announcements","status":200,"timestamp":"2026-01-22T20:03:54.773Z","userEmail":"admin@example.com","userId":"6deda05b-02ee-4765-8a1f-46d08e19837e"}
{"at":"2026-01-22T20:09:07.176Z","email":"hligon@getsparqd.com","ip":"::1","level":"info","message":"auth_login_success","timestamp":"2026-01-22T20:09:07.176Z","userId":"5b10576b-4201-4eab-87c0-11adc3cbccd0"}
{"at":"2026-01-22T20:09:07.190Z","bodyKeys":["email"],"level":"info","message":"admin_action","method":"POST","ms":436,"path":"/api/auth/login","status":200,"timestamp":"2026-01-22T20:09:07.190Z","userEmail":"hligon@getsparqd.com","userId":"5b10576b-4201-4eab-87c0-11adc3cbccd0"}
{"at":"2026-01-22T20:18:49.998Z","email":"admin@example.com","ip":"::ffff:127.0.0.1","level":"info","message":"auth_login_success","timestamp":"2026-01-22T20:18:49.998Z","userId":"08f82f3d-7008-4982-836e-a9f07df66992"}
{"at":"2026-01-22T20:18:50.073Z","bodyKeys":["email"],"level":"info","message":"admin_action","method":"POST","ms":516,"path":"/api/auth/login","status":200,"timestamp":"2026-01-22T20:18:50.074Z","userEmail":"admin@example.com","userId":"08f82f3d-7008-4982-836e-a9f07df66992"}
{"at":"2026-01-22T20:18:50.114Z","ip":"::ffff:127.0.0.1","level":"info","message":"csrf_rejected","path":"/api/announcements","timestamp":"2026-01-22T20:18:50.114Z"}
{"at":"2026-01-22T20:18:50.191Z","bodyKeys":["title","body"],"level":"info","message":"admin_action","method":"POST","ms":32,"path":"/api/announcements","status":200,"timestamp":"2026-01-22T20:18:50.191Z","userEmail":"admin@example.com","userId":"08f82f3d-7008-4982-836e-a9f07df66992"}
{"at":"2026-01-22T20:31:14.682Z","email":"admin@example.com","ip":"::ffff:127.0.0.1","level":"info","message":"auth_login_success","timestamp":"2026-01-22T20:31:14.682Z","userId":"9cfea3ca-5837-4234-9c53-48667ad55193"}
{"at":"2026-01-22T20:31:14.740Z","bodyKeys":["email"],"level":"info","message":"admin_action","method":"POST","ms":443,"path":"/api/auth/login","status":200,"timestamp":"2026-01-22T20:31:14.740Z","userEmail":"admin@example.com","userId":"9cfea3ca-5837-4234-9c53-48667ad55193"}
{"at":"2026-01-22T20:31:14.797Z","ip":"::ffff:127.0.0.1","level":"info","message":"csrf_rejected","path":"/api/announcements","timestamp":"2026-01-22T20:31:14.797Z"}
{"at":"2026-01-22T20:31:14.844Z","bodyKeys":["title","body"],"level":"info","message":"admin_action","method":"POST","ms":18,"path":"/api/announcements","status":200,"timestamp":"2026-01-22T20:31:14.844Z","userEmail":"admin@example.com","userId":"9cfea3ca-5837-4234-9c53-48667ad55193"}
{"at":"2026-01-22T20:32:42.339Z","email":"hligon@getsparqd.com","ip":"::1","level":"info","message":"auth_login_success","timestamp":"2026-01-22T20:32:42.339Z","userId":"5b10576b-4201-4eab-87c0-11adc3cbccd0"}
{"at":"2026-01-22T20:32:42.362Z","bodyKeys":["email"],"level":"info","message":"admin_action","method":"POST","ms":502,"path":"/api/auth/login","status":200,"timestamp":"2026-01-22T20:32:42.362Z","userEmail":"hligon@getsparqd.com","userId":"5b10576b-4201-4eab-87c0-11adc3cbccd0"}
{"at":"2026-01-22T20:37:40.823Z","email":"admin@example.com","ip":"::ffff:127.0.0.1","level":"info","message":"auth_login_success","timestamp":"2026-01-22T20:37:40.823Z","userId":"4de96165-16fb-4e89-88a3-648cbd039c6e"}
{"at":"2026-01-22T20:37:40.869Z","bodyKeys":["email"],"level":"info","message":"admin_action","method":"POST","ms":405,"path":"/api/auth/login","status":200,"timestamp":"2026-01-22T20:37:40.869Z","userEmail":"admin@example.com","userId":"4de96165-16fb-4e89-88a3-648cbd039c6e"}
{"at":"2026-01-22T20:37:40.907Z","ip":"::ffff:127.0.0.1","level":"info","message":"csrf_rejected","path":"/api/announcements","timestamp":"2026-01-22T20:37:40.907Z"}
{"at":"2026-01-22T20:37:40.957Z","bodyKeys":["title","body"],"level":"info","message":"admin_action","method":"POST","ms":21,"path":"/api/announcements","status":200,"timestamp":"2026-01-22T20:37:40.957Z","userEmail":"admin@example.com","userId":"4de96165-16fb-4e89-88a3-648cbd039c6e"}
{"at":"2026-01-22T20:41:56.278Z","email":"hligon@getsparqd.com","ip":"::1","level":"info","message":"auth_login_success","timestamp":"2026-01-22T20:41:56.278Z","userId":"5b10576b-4201-4eab-87c0-11adc3cbccd0"}
{"at":"2026-01-22T20:41:56.297Z","bodyKeys":["email"],"level":"info","message":"admin_action","method":"POST","ms":420,"path":"/api/auth/login","status":200,"timestamp":"2026-01-22T20:41:56.297Z","userEmail":"hligon@getsparqd.com","userId":"5b10576b-4201-4eab-87c0-11adc3cbccd0"}
{"at":"2026-01-22T20:47:18.098Z","email":"admin@example.com","ip":"::ffff:127.0.0.1","level":"info","message":"auth_login_success","timestamp":"2026-01-22T20:47:18.098Z","userId":"b5d6a968-8eb8-4260-ac3f-34d2977adb02"}
{"at":"2026-01-22T20:47:18.151Z","bodyKeys":["email"],"level":"info","message":"admin_action","method":"POST","ms":425,"path":"/api/auth/login","status":200,"timestamp":"2026-01-22T20:47:18.151Z","userEmail":"admin@example.com","userId":"b5d6a968-8eb8-4260-ac3f-34d2977adb02"}
{"at":"2026-01-22T20:47:18.194Z","ip":"::ffff:127.0.0.1","level":"info","message":"csrf_rejected","path":"/api/announcements","timestamp":"2026-01-22T20:47:18.194Z"}
{"at":"2026-01-22T20:47:18.241Z","bodyKeys":["title","body"],"level":"info","message":"admin_action","method":"POST","ms":19,"path":"/api/announcements","status":200,"timestamp":"2026-01-22T20:47:18.241Z","userEmail":"admin@example.com","userId":"b5d6a968-8eb8-4260-ac3f-34d2977adb02"}
